{"C:\\Users\\owner\\Echelon\\server\\modules\\channels\\allocation-engine.service.ts": {"path":"C:\\Users\\owner\\Echelon\\server\\modules\\channels\\allocation-engine.service.ts","statementMap":{"0":{"start":{"line":40,"column":31},"end":{"line":40,"column":null}},"1":{"start":{"line":43,"column":22},"end":{"line":43,"column":null}},"2":{"start":{"line":44,"column":30},"end":{"line":44,"column":null}},"3":{"start":{"line":48,"column":2},"end":{"line":48,"column":null}},"4":{"start":{"line":49,"column":2},"end":{"line":49,"column":null}},"5":{"start":{"line":54,"column":2},"end":{"line":56,"column":null}},"6":{"start":{"line":55,"column":4},"end":{"line":55,"column":null}},"7":{"start":{"line":58,"column":2},"end":{"line":80,"column":null}},"8":{"start":{"line":59,"column":24},"end":{"line":69,"column":null}},"9":{"start":{"line":71,"column":26},"end":{"line":71,"column":null}},"10":{"start":{"line":72,"column":21},"end":{"line":72,"column":null}},"11":{"start":{"line":74,"column":4},"end":{"line":74,"column":null}},"12":{"start":{"line":75,"column":4},"end":{"line":75,"column":null}},"13":{"start":{"line":77,"column":4},"end":{"line":77,"column":null}},"14":{"start":{"line":78,"column":4},"end":{"line":78,"column":null}},"15":{"start":{"line":79,"column":4},"end":{"line":79,"column":null}},"16":{"start":{"line":157,"column":35},"end":{"line":166,"column":null}},"17":{"start":{"line":174,"column":21},"end":{"line":174,"column":null}},"18":{"start":{"line":175,"column":21},"end":{"line":175,"column":null}},"19":{"start":{"line":198,"column":44},"end":{"line":203,"column":null}},"20":{"start":{"line":206,"column":29},"end":{"line":206,"column":null}},"21":{"start":{"line":207,"column":4},"end":{"line":207,"column":null}},"22":{"start":{"line":207,"column":39},"end":{"line":207,"column":null}},"23":{"start":{"line":209,"column":4},"end":{"line":209,"column":null}},"24":{"start":{"line":212,"column":38},"end":{"line":216,"column":null}},"25":{"start":{"line":218,"column":4},"end":{"line":218,"column":null}},"26":{"start":{"line":218,"column":37},"end":{"line":218,"column":null}},"27":{"start":{"line":220,"column":23},"end":{"line":220,"column":null}},"28":{"start":{"line":220,"column":49},"end":{"line":220,"column":53}},"29":{"start":{"line":223,"column":28},"end":{"line":226,"column":null}},"30":{"start":{"line":227,"column":27},"end":{"line":227,"column":null}},"31":{"start":{"line":227,"column":67},"end":{"line":227,"column":82}},"32":{"start":{"line":229,"column":49},"end":{"line":229,"column":null}},"33":{"start":{"line":230,"column":4},"end":{"line":250,"column":null}},"34":{"start":{"line":231,"column":30},"end":{"line":242,"column":null}},"35":{"start":{"line":244,"column":6},"end":{"line":244,"column":null}},"36":{"start":{"line":245,"column":6},"end":{"line":249,"column":null}},"37":{"start":{"line":246,"column":8},"end":{"line":248,"column":null}},"38":{"start":{"line":247,"column":10},"end":{"line":247,"column":null}},"39":{"start":{"line":253,"column":33},"end":{"line":261,"column":null}},"40":{"start":{"line":264,"column":32},"end":{"line":264,"column":null}},"41":{"start":{"line":265,"column":4},"end":{"line":269,"column":null}},"42":{"start":{"line":266,"column":19},"end":{"line":266,"column":null}},"43":{"start":{"line":267,"column":6},"end":{"line":267,"column":null}},"44":{"start":{"line":268,"column":6},"end":{"line":268,"column":null}},"45":{"start":{"line":272,"column":54},"end":{"line":272,"column":null}},"46":{"start":{"line":273,"column":35},"end":{"line":275,"column":null}},"47":{"start":{"line":274,"column":13},"end":{"line":274,"column":null}},"48":{"start":{"line":276,"column":4},"end":{"line":287,"column":null}},"49":{"start":{"line":277,"column":36},"end":{"line":285,"column":null}},"50":{"start":{"line":286,"column":6},"end":{"line":286,"column":null}},"51":{"start":{"line":286,"column":73},"end":{"line":286,"column":77}},"52":{"start":{"line":290,"column":46},"end":{"line":295,"column":null}},"53":{"start":{"line":294,"column":84},"end":{"line":294,"column":94}},"54":{"start":{"line":298,"column":49},"end":{"line":298,"column":null}},"55":{"start":{"line":299,"column":27},"end":{"line":299,"column":null}},"56":{"start":{"line":300,"column":4},"end":{"line":308,"column":null}},"57":{"start":{"line":301,"column":6},"end":{"line":307,"column":null}},"58":{"start":{"line":302,"column":8},"end":{"line":302,"column":null}},"59":{"start":{"line":304,"column":21},"end":{"line":304,"column":null}},"60":{"start":{"line":305,"column":8},"end":{"line":305,"column":null}},"61":{"start":{"line":306,"column":8},"end":{"line":306,"column":null}},"62":{"start":{"line":311,"column":4},"end":{"line":415,"column":null}},"63":{"start":{"line":313,"column":6},"end":{"line":319,"column":null}},"64":{"start":{"line":314,"column":8},"end":{"line":317,"column":null}},"65":{"start":{"line":318,"column":8},"end":{"line":318,"column":null}},"66":{"start":{"line":322,"column":35},"end":{"line":324,"column":null}},"67":{"start":{"line":327,"column":27},"end":{"line":327,"column":null}},"68":{"start":{"line":328,"column":6},"end":{"line":338,"column":null}},"69":{"start":{"line":329,"column":8},"end":{"line":337,"column":null}},"70":{"start":{"line":330,"column":10},"end":{"line":330,"column":null}},"71":{"start":{"line":333,"column":29},"end":{"line":333,"column":null}},"72":{"start":{"line":334,"column":10},"end":{"line":336,"column":null}},"73":{"start":{"line":335,"column":12},"end":{"line":335,"column":null}},"74":{"start":{"line":341,"column":27},"end":{"line":341,"column":null}},"75":{"start":{"line":344,"column":33},"end":{"line":348,"column":null}},"76":{"start":{"line":345,"column":15},"end":{"line":345,"column":null}},"77":{"start":{"line":347,"column":15},"end":{"line":347,"column":null}},"78":{"start":{"line":351,"column":26},"end":{"line":355,"column":null}},"79":{"start":{"line":352,"column":15},"end":{"line":352,"column":null}},"80":{"start":{"line":354,"column":15},"end":{"line":354,"column":null}},"81":{"start":{"line":359,"column":39},"end":{"line":359,"column":null}},"82":{"start":{"line":360,"column":28},"end":{"line":362,"column":null}},"83":{"start":{"line":361,"column":16},"end":{"line":361,"column":null}},"84":{"start":{"line":363,"column":26},"end":{"line":363,"column":null}},"85":{"start":{"line":364,"column":6},"end":{"line":366,"column":null}},"86":{"start":{"line":365,"column":8},"end":{"line":365,"column":null}},"87":{"start":{"line":369,"column":34},"end":{"line":369,"column":null}},"88":{"start":{"line":370,"column":6},"end":{"line":392,"column":null}},"89":{"start":{"line":371,"column":8},"end":{"line":374,"column":null}},"90":{"start":{"line":376,"column":8},"end":{"line":390,"column":null}},"91":{"start":{"line":377,"column":10},"end":{"line":389,"column":null}},"92":{"start":{"line":391,"column":8},"end":{"line":391,"column":null}},"93":{"start":{"line":395,"column":6},"end":{"line":414,"column":null}},"94":{"start":{"line":397,"column":28},"end":{"line":401,"column":null}},"95":{"start":{"line":398,"column":17},"end":{"line":398,"column":null}},"96":{"start":{"line":400,"column":17},"end":{"line":400,"column":null}},"97":{"start":{"line":403,"column":25},"end":{"line":403,"column":null}},"98":{"start":{"line":404,"column":27},"end":{"line":411,"column":null}},"99":{"start":{"line":413,"column":8},"end":{"line":413,"column":null}},"100":{"start":{"line":418,"column":4},"end":{"line":418,"column":null}},"101":{"start":{"line":420,"column":4},"end":{"line":420,"column":null}},"102":{"start":{"line":437,"column":17},"end":{"line":437,"column":null}},"103":{"start":{"line":438,"column":4},"end":{"line":438,"column":null}},"104":{"start":{"line":438,"column":15},"end":{"line":438,"column":null}},"105":{"start":{"line":440,"column":18},"end":{"line":442,"column":null}},"106":{"start":{"line":444,"column":4},"end":{"line":453,"column":null}},"107":{"start":{"line":468,"column":17},"end":{"line":476,"column":null}},"108":{"start":{"line":479,"column":4},"end":{"line":487,"column":null}},"109":{"start":{"line":480,"column":6},"end":{"line":486,"column":null}},"110":{"start":{"line":490,"column":4},"end":{"line":511,"column":null}},"111":{"start":{"line":494,"column":6},"end":{"line":500,"column":null}},"112":{"start":{"line":495,"column":8},"end":{"line":495,"column":null}},"113":{"start":{"line":496,"column":8},"end":{"line":496,"column":null}},"114":{"start":{"line":498,"column":8},"end":{"line":498,"column":null}},"115":{"start":{"line":499,"column":8},"end":{"line":499,"column":null}},"116":{"start":{"line":502,"column":6},"end":{"line":510,"column":null}},"117":{"start":{"line":503,"column":8},"end":{"line":509,"column":null}},"118":{"start":{"line":518,"column":4},"end":{"line":542,"column":null}},"119":{"start":{"line":520,"column":8},"end":{"line":520,"column":null}},"120":{"start":{"line":521,"column":8},"end":{"line":521,"column":null}},"121":{"start":{"line":522,"column":8},"end":{"line":522,"column":null}},"122":{"start":{"line":523,"column":8},"end":{"line":523,"column":null}},"123":{"start":{"line":526,"column":20},"end":{"line":526,"column":null}},"124":{"start":{"line":527,"column":8},"end":{"line":527,"column":null}},"125":{"start":{"line":528,"column":8},"end":{"line":528,"column":null}},"126":{"start":{"line":529,"column":8},"end":{"line":529,"column":null}},"127":{"start":{"line":530,"column":8},"end":{"line":530,"column":null}},"128":{"start":{"line":533,"column":8},"end":{"line":533,"column":null}},"129":{"start":{"line":534,"column":8},"end":{"line":534,"column":null}},"130":{"start":{"line":535,"column":8},"end":{"line":535,"column":null}},"131":{"start":{"line":536,"column":8},"end":{"line":536,"column":null}},"132":{"start":{"line":539,"column":8},"end":{"line":539,"column":null}},"133":{"start":{"line":540,"column":8},"end":{"line":540,"column":null}},"134":{"start":{"line":541,"column":8},"end":{"line":541,"column":null}},"135":{"start":{"line":545,"column":4},"end":{"line":550,"column":null}},"136":{"start":{"line":546,"column":6},"end":{"line":549,"column":null}},"137":{"start":{"line":547,"column":8},"end":{"line":547,"column":null}},"138":{"start":{"line":548,"column":8},"end":{"line":548,"column":null}},"139":{"start":{"line":553,"column":27},"end":{"line":553,"column":null}},"140":{"start":{"line":554,"column":26},"end":{"line":554,"column":null}},"141":{"start":{"line":556,"column":4},"end":{"line":562,"column":null}},"142":{"start":{"line":574,"column":23},"end":{"line":574,"column":null}},"143":{"start":{"line":575,"column":18},"end":{"line":577,"column":null}},"144":{"start":{"line":576,"column":13},"end":{"line":576,"column":null}},"145":{"start":{"line":578,"column":4},"end":{"line":578,"column":null}},"146":{"start":{"line":599,"column":23},"end":{"line":599,"column":null}},"147":{"start":{"line":601,"column":22},"end":{"line":604,"column":null}},"148":{"start":{"line":606,"column":4},"end":{"line":617,"column":null}},"149":{"start":{"line":607,"column":6},"end":{"line":612,"column":null}},"150":{"start":{"line":608,"column":8},"end":{"line":611,"column":null}},"151":{"start":{"line":613,"column":6},"end":{"line":616,"column":null}},"152":{"start":{"line":619,"column":24},"end":{"line":623,"column":null}},"153":{"start":{"line":619,"column":84},"end":{"line":623,"column":6}},"154":{"start":{"line":625,"column":4},"end":{"line":625,"column":null}},"155":{"start":{"line":636,"column":4},"end":{"line":636,"column":null}},"156":{"start":{"line":636,"column":41},"end":{"line":636,"column":null}},"157":{"start":{"line":638,"column":4},"end":{"line":662,"column":null}},"158":{"start":{"line":639,"column":22},"end":{"line":654,"column":null}},"159":{"start":{"line":639,"column":53},"end":{"line":654,"column":8}},"160":{"start":{"line":656,"column":6},"end":{"line":659,"column":null}},"161":{"start":{"line":656,"column":19},"end":{"line":656,"column":22}},"162":{"start":{"line":657,"column":22},"end":{"line":657,"column":null}},"163":{"start":{"line":658,"column":8},"end":{"line":658,"column":null}},"164":{"start":{"line":661,"column":6},"end":{"line":661,"column":null}},"165":{"start":{"line":671,"column":2},"end":{"line":671,"column":null}}},"fnMap":{"0":{"name":"clearVelocityCache","decl":{"start":{"line":47,"column":16},"end":{"line":47,"column":43}},"loc":{"start":{"line":47,"column":43},"end":{"line":50,"column":null}},"line":47},"1":{"name":"queryAvgDailyUsage","decl":{"start":{"line":53,"column":15},"end":{"line":53,"column":34}},"loc":{"start":{"line":53,"column":85},"end":{"line":81,"column":null}},"line":53},"2":{"name":"(anonymous_2)","decl":{"start":{"line":173,"column":2},"end":{"line":173,"column":null}},"loc":{"start":{"line":176,"column":4},"end":{"line":176,"column":null}},"line":176},"3":{"name":"(anonymous_3)","decl":{"start":{"line":194,"column":8},"end":{"line":194,"column":null}},"loc":{"start":{"line":197,"column":38},"end":{"line":421,"column":null}},"line":197},"4":{"name":"(anonymous_4)","decl":{"start":{"line":220,"column":42},"end":{"line":220,"column":43}},"loc":{"start":{"line":220,"column":49},"end":{"line":220,"column":53}},"line":220},"5":{"name":"(anonymous_5)","decl":{"start":{"line":227,"column":55},"end":{"line":227,"column":56}},"loc":{"start":{"line":227,"column":67},"end":{"line":227,"column":82}},"line":227},"6":{"name":"(anonymous_6)","decl":{"start":{"line":274,"column":6},"end":{"line":274,"column":7}},"loc":{"start":{"line":274,"column":13},"end":{"line":274,"column":null}},"line":274},"7":{"name":"(anonymous_7)","decl":{"start":{"line":286,"column":61},"end":{"line":286,"column":62}},"loc":{"start":{"line":286,"column":73},"end":{"line":286,"column":77}},"line":286},"8":{"name":"(anonymous_8)","decl":{"start":{"line":294,"column":78},"end":{"line":294,"column":84}},"loc":{"start":{"line":294,"column":84},"end":{"line":294,"column":94}},"line":294},"9":{"name":"(anonymous_9)","decl":{"start":{"line":345,"column":8},"end":{"line":345,"column":9}},"loc":{"start":{"line":345,"column":15},"end":{"line":345,"column":null}},"line":345},"10":{"name":"(anonymous_10)","decl":{"start":{"line":347,"column":8},"end":{"line":347,"column":9}},"loc":{"start":{"line":347,"column":15},"end":{"line":347,"column":null}},"line":347},"11":{"name":"(anonymous_11)","decl":{"start":{"line":352,"column":8},"end":{"line":352,"column":9}},"loc":{"start":{"line":352,"column":15},"end":{"line":352,"column":null}},"line":352},"12":{"name":"(anonymous_12)","decl":{"start":{"line":354,"column":8},"end":{"line":354,"column":9}},"loc":{"start":{"line":354,"column":15},"end":{"line":354,"column":null}},"line":354},"13":{"name":"(anonymous_13)","decl":{"start":{"line":361,"column":8},"end":{"line":361,"column":9}},"loc":{"start":{"line":361,"column":16},"end":{"line":361,"column":null}},"line":361},"14":{"name":"(anonymous_14)","decl":{"start":{"line":398,"column":10},"end":{"line":398,"column":11}},"loc":{"start":{"line":398,"column":17},"end":{"line":398,"column":null}},"line":398},"15":{"name":"(anonymous_15)","decl":{"start":{"line":400,"column":10},"end":{"line":400,"column":11}},"loc":{"start":{"line":400,"column":17},"end":{"line":400,"column":null}},"line":400},"16":{"name":"(anonymous_16)","decl":{"start":{"line":431,"column":10},"end":{"line":431,"column":null}},"loc":{"start":{"line":435,"column":18},"end":{"line":454,"column":null}},"line":435},"17":{"name":"(anonymous_17)","decl":{"start":{"line":460,"column":10},"end":{"line":460,"column":null}},"loc":{"start":{"line":467,"column":30},"end":{"line":563,"column":null}},"line":467},"18":{"name":"(anonymous_18)","decl":{"start":{"line":569,"column":8},"end":{"line":569,"column":null}},"loc":{"start":{"line":573,"column":21},"end":{"line":579,"column":null}},"line":573},"19":{"name":"(anonymous_19)","decl":{"start":{"line":576,"column":6},"end":{"line":576,"column":7}},"loc":{"start":{"line":576,"column":13},"end":{"line":576,"column":null}},"line":576},"20":{"name":"(anonymous_20)","decl":{"start":{"line":585,"column":8},"end":{"line":585,"column":null}},"loc":{"start":{"line":598,"column":5},"end":{"line":626,"column":null}},"line":598},"21":{"name":"(anonymous_21)","decl":{"start":{"line":619,"column":60},"end":{"line":619,"column":61}},"loc":{"start":{"line":619,"column":84},"end":{"line":623,"column":6}},"line":619},"22":{"name":"(anonymous_22)","decl":{"start":{"line":632,"column":16},"end":{"line":632,"column":null}},"loc":{"start":{"line":635,"column":19},"end":{"line":663,"column":null}},"line":635},"23":{"name":"(anonymous_23)","decl":{"start":{"line":639,"column":45},"end":{"line":639,"column":46}},"loc":{"start":{"line":639,"column":53},"end":{"line":654,"column":8}},"line":639},"24":{"name":"createAllocationEngine","decl":{"start":{"line":670,"column":16},"end":{"line":670,"column":39}},"loc":{"start":{"line":670,"column":65},"end":{"line":672,"column":null}},"line":670}},"branchMap":{"0":{"loc":{"start":{"line":54,"column":2},"end":{"line":56,"column":null}},"type":"if","locations":[{"start":{"line":54,"column":2},"end":{"line":56,"column":null}},{"start":{},"end":{}}],"line":54},"1":{"loc":{"start":{"line":71,"column":33},"end":{"line":71,"column":99}},"type":"binary-expr","locations":[{"start":{"line":71,"column":33},"end":{"line":71,"column":69}},{"start":{"line":71,"column":69},"end":{"line":71,"column":98}},{"start":{"line":71,"column":98},"end":{"line":71,"column":99}}],"line":71},"2":{"loc":{"start":{"line":72,"column":21},"end":{"line":72,"column":null}},"type":"cond-expr","locations":[{"start":{"line":72,"column":50},"end":{"line":72,"column":91}},{"start":{"line":72,"column":91},"end":{"line":72,"column":null}}],"line":72},"3":{"loc":{"start":{"line":207,"column":4},"end":{"line":207,"column":null}},"type":"if","locations":[{"start":{"line":207,"column":4},"end":{"line":207,"column":null}},{"start":{},"end":{}}],"line":207},"4":{"loc":{"start":{"line":218,"column":4},"end":{"line":218,"column":null}},"type":"if","locations":[{"start":{"line":218,"column":4},"end":{"line":218,"column":null}},{"start":{},"end":{}}],"line":218},"5":{"loc":{"start":{"line":230,"column":4},"end":{"line":250,"column":null}},"type":"if","locations":[{"start":{"line":230,"column":4},"end":{"line":250,"column":null}},{"start":{},"end":{}}],"line":230},"6":{"loc":{"start":{"line":246,"column":8},"end":{"line":248,"column":null}},"type":"if","locations":[{"start":{"line":246,"column":8},"end":{"line":248,"column":null}},{"start":{},"end":{}}],"line":246},"7":{"loc":{"start":{"line":266,"column":19},"end":{"line":266,"column":null}},"type":"binary-expr","locations":[{"start":{"line":266,"column":19},"end":{"line":266,"column":60}},{"start":{"line":266,"column":60},"end":{"line":266,"column":null}}],"line":266},"8":{"loc":{"start":{"line":276,"column":4},"end":{"line":287,"column":null}},"type":"if","locations":[{"start":{"line":276,"column":4},"end":{"line":287,"column":null}},{"start":{},"end":{}}],"line":276},"9":{"loc":{"start":{"line":301,"column":6},"end":{"line":307,"column":null}},"type":"if","locations":[{"start":{"line":301,"column":6},"end":{"line":307,"column":null}},{"start":{"line":303,"column":13},"end":{"line":307,"column":null}}],"line":301},"10":{"loc":{"start":{"line":304,"column":21},"end":{"line":304,"column":null}},"type":"binary-expr","locations":[{"start":{"line":304,"column":21},"end":{"line":304,"column":59}},{"start":{"line":304,"column":59},"end":{"line":304,"column":null}}],"line":304},"11":{"loc":{"start":{"line":313,"column":6},"end":{"line":319,"column":null}},"type":"if","locations":[{"start":{"line":313,"column":6},"end":{"line":319,"column":null}},{"start":{},"end":{}}],"line":313},"12":{"loc":{"start":{"line":313,"column":10},"end":{"line":313,"column":78}},"type":"binary-expr","locations":[{"start":{"line":313,"column":10},"end":{"line":313,"column":41}},{"start":{"line":313,"column":41},"end":{"line":313,"column":78}}],"line":313},"13":{"loc":{"start":{"line":322,"column":35},"end":{"line":324,"column":null}},"type":"binary-expr","locations":[{"start":{"line":322,"column":35},"end":{"line":322,"column":null}},{"start":{"line":323,"column":11},"end":{"line":323,"column":null}},{"start":{"line":324,"column":11},"end":{"line":324,"column":null}}],"line":322},"14":{"loc":{"start":{"line":329,"column":8},"end":{"line":337,"column":null}},"type":"if","locations":[{"start":{"line":329,"column":8},"end":{"line":337,"column":null}},{"start":{"line":331,"column":15},"end":{"line":337,"column":null}}],"line":329},"15":{"loc":{"start":{"line":334,"column":10},"end":{"line":336,"column":null}},"type":"if","locations":[{"start":{"line":334,"column":10},"end":{"line":336,"column":null}},{"start":{},"end":{}}],"line":334},"16":{"loc":{"start":{"line":341,"column":27},"end":{"line":341,"column":null}},"type":"binary-expr","locations":[{"start":{"line":341,"column":27},"end":{"line":341,"column":61}},{"start":{"line":341,"column":61},"end":{"line":341,"column":null}}],"line":341},"17":{"loc":{"start":{"line":344,"column":33},"end":{"line":348,"column":null}},"type":"binary-expr","locations":[{"start":{"line":344,"column":33},"end":{"line":346,"column":11}},{"start":{"line":346,"column":11},"end":{"line":348,"column":null}}],"line":344},"18":{"loc":{"start":{"line":345,"column":15},"end":{"line":345,"column":null}},"type":"binary-expr","locations":[{"start":{"line":345,"column":15},"end":{"line":345,"column":39}},{"start":{"line":345,"column":39},"end":{"line":345,"column":null}}],"line":345},"19":{"loc":{"start":{"line":347,"column":15},"end":{"line":347,"column":null}},"type":"binary-expr","locations":[{"start":{"line":347,"column":15},"end":{"line":347,"column":39}},{"start":{"line":347,"column":39},"end":{"line":347,"column":null}}],"line":347},"20":{"loc":{"start":{"line":351,"column":26},"end":{"line":355,"column":null}},"type":"binary-expr","locations":[{"start":{"line":351,"column":26},"end":{"line":353,"column":11}},{"start":{"line":353,"column":11},"end":{"line":355,"column":null}}],"line":351},"21":{"loc":{"start":{"line":352,"column":15},"end":{"line":352,"column":null}},"type":"binary-expr","locations":[{"start":{"line":352,"column":15},"end":{"line":352,"column":44}},{"start":{"line":352,"column":44},"end":{"line":352,"column":null}}],"line":352},"22":{"loc":{"start":{"line":354,"column":15},"end":{"line":354,"column":null}},"type":"binary-expr","locations":[{"start":{"line":354,"column":15},"end":{"line":354,"column":44}},{"start":{"line":354,"column":44},"end":{"line":354,"column":null}}],"line":354},"23":{"loc":{"start":{"line":361,"column":16},"end":{"line":361,"column":null}},"type":"binary-expr","locations":[{"start":{"line":361,"column":16},"end":{"line":361,"column":51}},{"start":{"line":361,"column":40},"end":{"line":361,"column":null}}],"line":361},"24":{"loc":{"start":{"line":361,"column":51},"end":{"line":361,"column":70}},"type":"binary-expr","locations":[{"start":{"line":361,"column":51},"end":{"line":361,"column":65}},{"start":{"line":361,"column":65},"end":{"line":361,"column":70}}],"line":361},"25":{"loc":{"start":{"line":364,"column":6},"end":{"line":366,"column":null}},"type":"if","locations":[{"start":{"line":364,"column":6},"end":{"line":366,"column":null}},{"start":{},"end":{}}],"line":364},"26":{"loc":{"start":{"line":370,"column":6},"end":{"line":392,"column":null}},"type":"if","locations":[{"start":{"line":370,"column":6},"end":{"line":392,"column":null}},{"start":{},"end":{}}],"line":370},"27":{"loc":{"start":{"line":397,"column":28},"end":{"line":401,"column":null}},"type":"binary-expr","locations":[{"start":{"line":397,"column":28},"end":{"line":399,"column":13}},{"start":{"line":399,"column":13},"end":{"line":401,"column":null}}],"line":397},"28":{"loc":{"start":{"line":437,"column":17},"end":{"line":437,"column":null}},"type":"binary-expr","locations":[{"start":{"line":437,"column":17},"end":{"line":437,"column":36}},{"start":{"line":437,"column":36},"end":{"line":437,"column":55}},{"start":{"line":437,"column":55},"end":{"line":437,"column":null}}],"line":437},"29":{"loc":{"start":{"line":438,"column":4},"end":{"line":438,"column":null}},"type":"if","locations":[{"start":{"line":438,"column":4},"end":{"line":438,"column":null}},{"start":{},"end":{}}],"line":438},"30":{"loc":{"start":{"line":440,"column":18},"end":{"line":442,"column":null}},"type":"cond-expr","locations":[{"start":{"line":440,"column":36},"end":{"line":440,"column":null}},{"start":{"line":441,"column":8},"end":{"line":442,"column":null}}],"line":440},"31":{"loc":{"start":{"line":441,"column":8},"end":{"line":442,"column":null}},"type":"cond-expr","locations":[{"start":{"line":441,"column":26},"end":{"line":441,"column":null}},{"start":{"line":442,"column":8},"end":{"line":442,"column":null}}],"line":441},"32":{"loc":{"start":{"line":448,"column":16},"end":{"line":448,"column":null}},"type":"binary-expr","locations":[{"start":{"line":448,"column":16},"end":{"line":448,"column":33}},{"start":{"line":448,"column":33},"end":{"line":448,"column":null}}],"line":448},"33":{"loc":{"start":{"line":449,"column":18},"end":{"line":449,"column":null}},"type":"cond-expr","locations":[{"start":{"line":449,"column":54},"end":{"line":449,"column":63}},{"start":{"line":449,"column":63},"end":{"line":449,"column":null}}],"line":449},"34":{"loc":{"start":{"line":466,"column":4},"end":{"line":466,"column":null}},"type":"default-arg","locations":[{"start":{"line":466,"column":28},"end":{"line":466,"column":null}}],"line":466},"35":{"loc":{"start":{"line":479,"column":4},"end":{"line":487,"column":null}},"type":"if","locations":[{"start":{"line":479,"column":4},"end":{"line":487,"column":null}},{"start":{},"end":{}}],"line":479},"36":{"loc":{"start":{"line":490,"column":4},"end":{"line":511,"column":null}},"type":"if","locations":[{"start":{"line":490,"column":4},"end":{"line":511,"column":null}},{"start":{},"end":{}}],"line":490},"37":{"loc":{"start":{"line":494,"column":6},"end":{"line":500,"column":null}},"type":"if","locations":[{"start":{"line":494,"column":6},"end":{"line":500,"column":null}},{"start":{"line":497,"column":13},"end":{"line":500,"column":null}}],"line":494},"38":{"loc":{"start":{"line":502,"column":6},"end":{"line":510,"column":null}},"type":"if","locations":[{"start":{"line":502,"column":6},"end":{"line":510,"column":null}},{"start":{},"end":{}}],"line":502},"39":{"loc":{"start":{"line":518,"column":4},"end":{"line":542,"column":null}},"type":"switch","locations":[{"start":{"line":519,"column":6},"end":{"line":523,"column":null}},{"start":{"line":525,"column":6},"end":{"line":530,"column":null}},{"start":{"line":532,"column":6},"end":{"line":536,"column":null}},{"start":{"line":538,"column":6},"end":{"line":541,"column":null}}],"line":518},"40":{"loc":{"start":{"line":526,"column":20},"end":{"line":526,"column":null}},"type":"binary-expr","locations":[{"start":{"line":526,"column":20},"end":{"line":526,"column":37}},{"start":{"line":526,"column":37},"end":{"line":526,"column":null}}],"line":526},"41":{"loc":{"start":{"line":533,"column":27},"end":{"line":533,"column":47}},"type":"binary-expr","locations":[{"start":{"line":533,"column":27},"end":{"line":533,"column":44}},{"start":{"line":533,"column":44},"end":{"line":533,"column":47}}],"line":533},"42":{"loc":{"start":{"line":545,"column":4},"end":{"line":550,"column":null}},"type":"if","locations":[{"start":{"line":545,"column":4},"end":{"line":550,"column":null}},{"start":{},"end":{}}],"line":545},"43":{"loc":{"start":{"line":546,"column":6},"end":{"line":549,"column":null}},"type":"if","locations":[{"start":{"line":546,"column":6},"end":{"line":549,"column":null}},{"start":{},"end":{}}],"line":546},"44":{"loc":{"start":{"line":576,"column":13},"end":{"line":576,"column":null}},"type":"binary-expr","locations":[{"start":{"line":576,"column":13},"end":{"line":576,"column":56}},{"start":{"line":576,"column":56},"end":{"line":576,"column":null}}],"line":576},"45":{"loc":{"start":{"line":578,"column":11},"end":{"line":578,"column":null}},"type":"binary-expr","locations":[{"start":{"line":578,"column":11},"end":{"line":578,"column":36}},{"start":{"line":578,"column":36},"end":{"line":578,"column":null}}],"line":578},"46":{"loc":{"start":{"line":607,"column":6},"end":{"line":612,"column":null}},"type":"if","locations":[{"start":{"line":607,"column":6},"end":{"line":612,"column":null}},{"start":{},"end":{}}],"line":607},"47":{"loc":{"start":{"line":636,"column":4},"end":{"line":636,"column":null}},"type":"if","locations":[{"start":{"line":636,"column":4},"end":{"line":636,"column":null}},{"start":{},"end":{}}],"line":636},"48":{"loc":{"start":{"line":653,"column":21},"end":{"line":653,"column":null}},"type":"binary-expr","locations":[{"start":{"line":653,"column":21},"end":{"line":653,"column":36}},{"start":{"line":653,"column":36},"end":{"line":653,"column":null}}],"line":653}},"s":{"0":2,"1":2,"2":2,"3":1,"4":1,"5":0,"6":0,"7":0,"8":0,"9":0,"10":0,"11":0,"12":0,"13":0,"14":0,"15":0,"16":2,"17":25,"18":25,"19":25,"20":25,"21":25,"22":1,"23":24,"24":24,"25":24,"26":2,"27":22,"28":31,"29":22,"30":22,"31":1,"32":22,"33":22,"34":1,"35":1,"36":1,"37":1,"38":1,"39":22,"40":22,"41":22,"42":32,"43":32,"44":32,"45":22,"46":22,"47":31,"48":22,"49":1,"50":1,"51":3,"52":22,"53":31,"54":22,"55":22,"56":22,"57":20,"58":0,"59":20,"60":20,"61":20,"62":22,"63":31,"64":1,"65":1,"66":30,"67":31,"68":31,"69":34,"70":34,"71":0,"72":0,"73":0,"74":30,"75":31,"76":16,"77":0,"78":31,"79":19,"80":0,"81":31,"82":31,"83":20,"84":31,"85":31,"86":0,"87":30,"88":30,"89":1,"90":1,"91":1,"92":1,"93":29,"94":32,"95":23,"96":0,"97":32,"98":32,"99":32,"100":22,"101":22,"102":62,"103":62,"104":28,"105":34,"106":62,"107":32,"108":32,"109":1,"110":31,"111":1,"112":0,"113":0,"114":1,"115":1,"116":1,"117":1,"118":30,"119":19,"120":19,"121":19,"122":19,"123":8,"124":8,"125":8,"126":8,"127":8,"128":3,"129":3,"130":3,"131":3,"132":0,"133":0,"134":0,"135":30,"136":1,"137":1,"138":1,"139":30,"140":30,"141":30,"142":2,"143":2,"144":1,"145":2,"146":1,"147":1,"148":1,"149":2,"150":2,"151":2,"152":1,"153":2,"154":1,"155":22,"156":0,"157":22,"158":22,"159":33,"160":22,"161":22,"162":22,"163":22,"164":1,"165":25},"f":{"0":1,"1":0,"2":25,"3":25,"4":31,"5":1,"6":31,"7":3,"8":31,"9":16,"10":0,"11":19,"12":0,"13":20,"14":23,"15":0,"16":62,"17":32,"18":2,"19":1,"20":1,"21":2,"22":22,"23":33,"24":25},"b":{"0":[0,0],"1":[0,0,0],"2":[0,0],"3":[1,24],"4":[2,22],"5":[1,21],"6":[1,0],"7":[32,30],"8":[1,21],"9":[0,20],"10":[20,16],"11":[1,30],"12":[31,2],"13":[30,1,0],"14":[34,0],"15":[0,0],"16":[30,14],"17":[31,15],"18":[16,15],"19":[0,0],"20":[31,27],"21":[19,4],"22":[0,0],"23":[20,0],"24":[0,0],"25":[0,31],"26":[1,29],"27":[32,30],"28":[62,60,56],"29":[28,34],"30":[2,32],"31":[4,28],"32":[62,0],"33":[0,34],"34":[32],"35":[1,31],"36":[1,30],"37":[0,1],"38":[1,0],"39":[30,8,3,0],"40":[8,0],"41":[3,0],"42":[1,29],"43":[1,0],"44":[1,1],"45":[2,1],"46":[2,0],"47":[0,22],"48":[33,33]},"meta":{"lastBranch":49,"lastFunction":25,"lastStatement":166,"seen":{"s:40:31:40:Infinity":0,"s:43:22:43:Infinity":1,"s:44:30:44:Infinity":2,"f:47:16:47:43":0,"s:48:2:48:Infinity":3,"s:49:2:49:Infinity":4,"f:53:15:53:34":1,"b:54:2:56:Infinity:undefined:undefined:undefined:undefined":0,"s:54:2:56:Infinity":5,"s:55:4:55:Infinity":6,"s:58:2:80:Infinity":7,"s:59:24:69:Infinity":8,"s:71:26:71:Infinity":9,"b:71:33:71:69:71:69:71:98:71:98:71:99":1,"s:72:21:72:Infinity":10,"b:72:50:72:91:72:91:72:Infinity":2,"s:74:4:74:Infinity":11,"s:75:4:75:Infinity":12,"s:77:4:77:Infinity":13,"s:78:4:78:Infinity":14,"s:79:4:79:Infinity":15,"s:157:35:166:Infinity":16,"f:173:2:173:Infinity":2,"s:174:21:174:Infinity":17,"s:175:21:175:Infinity":18,"f:194:8:194:Infinity":3,"s:198:44:203:Infinity":19,"s:206:29:206:Infinity":20,"b:207:4:207:Infinity:undefined:undefined:undefined:undefined":3,"s:207:4:207:Infinity":21,"s:207:39:207:Infinity":22,"s:209:4:209:Infinity":23,"s:212:38:216:Infinity":24,"b:218:4:218:Infinity:undefined:undefined:undefined:undefined":4,"s:218:4:218:Infinity":25,"s:218:37:218:Infinity":26,"s:220:23:220:Infinity":27,"f:220:42:220:43":4,"s:220:49:220:53":28,"s:223:28:226:Infinity":29,"s:227:27:227:Infinity":30,"f:227:55:227:56":5,"s:227:67:227:82":31,"s:229:49:229:Infinity":32,"b:230:4:250:Infinity:undefined:undefined:undefined:undefined":5,"s:230:4:250:Infinity":33,"s:231:30:242:Infinity":34,"s:244:6:244:Infinity":35,"s:245:6:249:Infinity":36,"b:246:8:248:Infinity:undefined:undefined:undefined:undefined":6,"s:246:8:248:Infinity":37,"s:247:10:247:Infinity":38,"s:253:33:261:Infinity":39,"s:264:32:264:Infinity":40,"s:265:4:269:Infinity":41,"s:266:19:266:Infinity":42,"b:266:19:266:60:266:60:266:Infinity":7,"s:267:6:267:Infinity":43,"s:268:6:268:Infinity":44,"s:272:54:272:Infinity":45,"s:273:35:275:Infinity":46,"f:274:6:274:7":6,"s:274:13:274:Infinity":47,"b:276:4:287:Infinity:undefined:undefined:undefined:undefined":8,"s:276:4:287:Infinity":48,"s:277:36:285:Infinity":49,"s:286:6:286:Infinity":50,"f:286:61:286:62":7,"s:286:73:286:77":51,"s:290:46:295:Infinity":52,"f:294:78:294:84":8,"s:294:84:294:94":53,"s:298:49:298:Infinity":54,"s:299:27:299:Infinity":55,"s:300:4:308:Infinity":56,"b:301:6:307:Infinity:303:13:307:Infinity":9,"s:301:6:307:Infinity":57,"s:302:8:302:Infinity":58,"s:304:21:304:Infinity":59,"b:304:21:304:59:304:59:304:Infinity":10,"s:305:8:305:Infinity":60,"s:306:8:306:Infinity":61,"s:311:4:415:Infinity":62,"b:313:6:319:Infinity:undefined:undefined:undefined:undefined":11,"s:313:6:319:Infinity":63,"b:313:10:313:41:313:41:313:78":12,"s:314:8:317:Infinity":64,"s:318:8:318:Infinity":65,"s:322:35:324:Infinity":66,"b:322:35:322:Infinity:323:11:323:Infinity:324:11:324:Infinity":13,"s:327:27:327:Infinity":67,"s:328:6:338:Infinity":68,"b:329:8:337:Infinity:331:15:337:Infinity":14,"s:329:8:337:Infinity":69,"s:330:10:330:Infinity":70,"s:333:29:333:Infinity":71,"b:334:10:336:Infinity:undefined:undefined:undefined:undefined":15,"s:334:10:336:Infinity":72,"s:335:12:335:Infinity":73,"s:341:27:341:Infinity":74,"b:341:27:341:61:341:61:341:Infinity":16,"s:344:33:348:Infinity":75,"b:344:33:346:11:346:11:348:Infinity":17,"f:345:8:345:9":9,"s:345:15:345:Infinity":76,"b:345:15:345:39:345:39:345:Infinity":18,"f:347:8:347:9":10,"s:347:15:347:Infinity":77,"b:347:15:347:39:347:39:347:Infinity":19,"s:351:26:355:Infinity":78,"b:351:26:353:11:353:11:355:Infinity":20,"f:352:8:352:9":11,"s:352:15:352:Infinity":79,"b:352:15:352:44:352:44:352:Infinity":21,"f:354:8:354:9":12,"s:354:15:354:Infinity":80,"b:354:15:354:44:354:44:354:Infinity":22,"s:359:39:359:Infinity":81,"s:360:28:362:Infinity":82,"f:361:8:361:9":13,"s:361:16:361:Infinity":83,"b:361:16:361:51:361:40:361:Infinity":23,"b:361:51:361:65:361:65:361:70":24,"s:363:26:363:Infinity":84,"b:364:6:366:Infinity:undefined:undefined:undefined:undefined":25,"s:364:6:366:Infinity":85,"s:365:8:365:Infinity":86,"s:369:34:369:Infinity":87,"b:370:6:392:Infinity:undefined:undefined:undefined:undefined":26,"s:370:6:392:Infinity":88,"s:371:8:374:Infinity":89,"s:376:8:390:Infinity":90,"s:377:10:389:Infinity":91,"s:391:8:391:Infinity":92,"s:395:6:414:Infinity":93,"s:397:28:401:Infinity":94,"b:397:28:399:13:399:13:401:Infinity":27,"f:398:10:398:11":14,"s:398:17:398:Infinity":95,"f:400:10:400:11":15,"s:400:17:400:Infinity":96,"s:403:25:403:Infinity":97,"s:404:27:411:Infinity":98,"s:413:8:413:Infinity":99,"s:418:4:418:Infinity":100,"s:420:4:420:Infinity":101,"f:431:10:431:Infinity":16,"s:437:17:437:Infinity":102,"b:437:17:437:36:437:36:437:55:437:55:437:Infinity":28,"b:438:4:438:Infinity:undefined:undefined:undefined:undefined":29,"s:438:4:438:Infinity":103,"s:438:15:438:Infinity":104,"s:440:18:442:Infinity":105,"b:440:36:440:Infinity:441:8:442:Infinity":30,"b:441:26:441:Infinity:442:8:442:Infinity":31,"s:444:4:453:Infinity":106,"b:448:16:448:33:448:33:448:Infinity":32,"b:449:54:449:63:449:63:449:Infinity":33,"f:460:10:460:Infinity":17,"b:466:28:466:Infinity":34,"s:468:17:476:Infinity":107,"b:479:4:487:Infinity:undefined:undefined:undefined:undefined":35,"s:479:4:487:Infinity":108,"s:480:6:486:Infinity":109,"b:490:4:511:Infinity:undefined:undefined:undefined:undefined":36,"s:490:4:511:Infinity":110,"b:494:6:500:Infinity:497:13:500:Infinity":37,"s:494:6:500:Infinity":111,"s:495:8:495:Infinity":112,"s:496:8:496:Infinity":113,"s:498:8:498:Infinity":114,"s:499:8:499:Infinity":115,"b:502:6:510:Infinity:undefined:undefined:undefined:undefined":38,"s:502:6:510:Infinity":116,"s:503:8:509:Infinity":117,"b:519:6:523:Infinity:525:6:530:Infinity:532:6:536:Infinity:538:6:541:Infinity":39,"s:518:4:542:Infinity":118,"s:520:8:520:Infinity":119,"s:521:8:521:Infinity":120,"s:522:8:522:Infinity":121,"s:523:8:523:Infinity":122,"s:526:20:526:Infinity":123,"b:526:20:526:37:526:37:526:Infinity":40,"s:527:8:527:Infinity":124,"s:528:8:528:Infinity":125,"s:529:8:529:Infinity":126,"s:530:8:530:Infinity":127,"s:533:8:533:Infinity":128,"b:533:27:533:44:533:44:533:47":41,"s:534:8:534:Infinity":129,"s:535:8:535:Infinity":130,"s:536:8:536:Infinity":131,"s:539:8:539:Infinity":132,"s:540:8:540:Infinity":133,"s:541:8:541:Infinity":134,"b:545:4:550:Infinity:undefined:undefined:undefined:undefined":42,"s:545:4:550:Infinity":135,"b:546:6:549:Infinity:undefined:undefined:undefined:undefined":43,"s:546:6:549:Infinity":136,"s:547:8:547:Infinity":137,"s:548:8:548:Infinity":138,"s:553:27:553:Infinity":139,"s:554:26:554:Infinity":140,"s:556:4:562:Infinity":141,"f:569:8:569:Infinity":18,"s:574:23:574:Infinity":142,"s:575:18:577:Infinity":143,"f:576:6:576:7":19,"s:576:13:576:Infinity":144,"b:576:13:576:56:576:56:576:Infinity":44,"s:578:4:578:Infinity":145,"b:578:11:578:36:578:36:578:Infinity":45,"f:585:8:585:Infinity":20,"s:599:23:599:Infinity":146,"s:601:22:604:Infinity":147,"s:606:4:617:Infinity":148,"b:607:6:612:Infinity:undefined:undefined:undefined:undefined":46,"s:607:6:612:Infinity":149,"s:608:8:611:Infinity":150,"s:613:6:616:Infinity":151,"s:619:24:623:Infinity":152,"f:619:60:619:61":21,"s:619:84:623:6":153,"s:625:4:625:Infinity":154,"f:632:16:632:Infinity":22,"b:636:4:636:Infinity:undefined:undefined:undefined:undefined":47,"s:636:4:636:Infinity":155,"s:636:41:636:Infinity":156,"s:638:4:662:Infinity":157,"s:639:22:654:Infinity":158,"f:639:45:639:46":23,"s:639:53:654:8":159,"b:653:21:653:36:653:36:653:Infinity":48,"s:656:6:659:Infinity":160,"s:656:19:656:22":161,"s:657:22:657:Infinity":162,"s:658:8:658:Infinity":163,"s:661:6:661:Infinity":164,"f:670:16:670:39":24,"s:671:2:671:Infinity":165}}}
,"C:\\Users\\owner\\Echelon\\server\\modules\\channels\\catalog-backfill.service.ts": {"path":"C:\\Users\\owner\\Echelon\\server\\modules\\channels\\catalog-backfill.service.ts","statementMap":{"0":{"start":{"line":169,"column":24},"end":{"line":169,"column":null}},"1":{"start":{"line":176,"column":31},"end":{"line":176,"column":46}},"2":{"start":{"line":182,"column":35},"end":{"line":195,"column":null}},"3":{"start":{"line":197,"column":21},"end":{"line":197,"column":null}},"4":{"start":{"line":200,"column":22},"end":{"line":204,"column":null}},"5":{"start":{"line":206,"column":4},"end":{"line":209,"column":null}},"6":{"start":{"line":207,"column":6},"end":{"line":207,"column":null}},"7":{"start":{"line":208,"column":6},"end":{"line":208,"column":null}},"8":{"start":{"line":211,"column":4},"end":{"line":214,"column":null}},"9":{"start":{"line":212,"column":6},"end":{"line":212,"column":null}},"10":{"start":{"line":213,"column":6},"end":{"line":213,"column":null}},"11":{"start":{"line":216,"column":4},"end":{"line":216,"column":null}},"12":{"start":{"line":220,"column":4},"end":{"line":225,"column":null}},"13":{"start":{"line":221,"column":6},"end":{"line":221,"column":null}},"14":{"start":{"line":223,"column":6},"end":{"line":223,"column":null}},"15":{"start":{"line":224,"column":6},"end":{"line":224,"column":null}},"16":{"start":{"line":227,"column":4},"end":{"line":227,"column":null}},"17":{"start":{"line":228,"column":4},"end":{"line":228,"column":null}},"18":{"start":{"line":231,"column":4},"end":{"line":248,"column":null}},"19":{"start":{"line":232,"column":6},"end":{"line":247,"column":null}},"20":{"start":{"line":233,"column":24},"end":{"line":240,"column":null}},"21":{"start":{"line":241,"column":8},"end":{"line":243,"column":null}},"22":{"start":{"line":242,"column":10},"end":{"line":242,"column":null}},"23":{"start":{"line":245,"column":8},"end":{"line":245,"column":null}},"24":{"start":{"line":246,"column":8},"end":{"line":246,"column":null}},"25":{"start":{"line":251,"column":36},"end":{"line":251,"column":null}},"26":{"start":{"line":252,"column":4},"end":{"line":262,"column":null}},"27":{"start":{"line":253,"column":6},"end":{"line":259,"column":null}},"28":{"start":{"line":254,"column":8},"end":{"line":254,"column":null}},"29":{"start":{"line":256,"column":8},"end":{"line":256,"column":null}},"30":{"start":{"line":257,"column":8},"end":{"line":257,"column":null}},"31":{"start":{"line":258,"column":8},"end":{"line":258,"column":null}},"32":{"start":{"line":260,"column":4},"end":{"line":262,"column":null}},"33":{"start":{"line":261,"column":6},"end":{"line":261,"column":null}},"34":{"start":{"line":264,"column":4},"end":{"line":264,"column":null}},"35":{"start":{"line":265,"column":4},"end":{"line":271,"column":null}},"36":{"start":{"line":274,"column":4},"end":{"line":285,"column":null}},"37":{"start":{"line":275,"column":6},"end":{"line":275,"column":null}},"38":{"start":{"line":276,"column":6},"end":{"line":276,"column":null}},"39":{"start":{"line":277,"column":6},"end":{"line":283,"column":null}},"40":{"start":{"line":278,"column":25},"end":{"line":278,"column":null}},"41":{"start":{"line":279,"column":8},"end":{"line":282,"column":null}},"42":{"start":{"line":284,"column":6},"end":{"line":284,"column":null}},"43":{"start":{"line":287,"column":4},"end":{"line":287,"column":null}},"44":{"start":{"line":301,"column":29},"end":{"line":301,"column":null}},"45":{"start":{"line":302,"column":17},"end":{"line":304,"column":null}},"46":{"start":{"line":303,"column":50},"end":{"line":303,"column":58}},"47":{"start":{"line":307,"column":33},"end":{"line":307,"column":null}},"48":{"start":{"line":313,"column":9},"end":{"line":313,"column":null}},"49":{"start":{"line":314,"column":73},"end":{"line":314,"column":null}},"50":{"start":{"line":316,"column":4},"end":{"line":335,"column":null}},"51":{"start":{"line":317,"column":18},"end":{"line":317,"column":null}},"52":{"start":{"line":318,"column":6},"end":{"line":334,"column":null}},"53":{"start":{"line":319,"column":22},"end":{"line":319,"column":null}},"54":{"start":{"line":320,"column":8},"end":{"line":331,"column":null}},"55":{"start":{"line":321,"column":10},"end":{"line":321,"column":null}},"56":{"start":{"line":322,"column":10},"end":{"line":327,"column":null}},"57":{"start":{"line":329,"column":10},"end":{"line":329,"column":null}},"58":{"start":{"line":330,"column":10},"end":{"line":330,"column":null}},"59":{"start":{"line":333,"column":8},"end":{"line":333,"column":null}},"60":{"start":{"line":338,"column":41},"end":{"line":338,"column":null}},"61":{"start":{"line":341,"column":34},"end":{"line":345,"column":null}},"62":{"start":{"line":349,"column":4},"end":{"line":356,"column":null}},"63":{"start":{"line":350,"column":22},"end":{"line":354,"column":null}},"64":{"start":{"line":355,"column":6},"end":{"line":355,"column":null}},"65":{"start":{"line":358,"column":21},"end":{"line":358,"column":null}},"66":{"start":{"line":360,"column":4},"end":{"line":407,"column":null}},"67":{"start":{"line":362,"column":6},"end":{"line":380,"column":null}},"68":{"start":{"line":363,"column":26},"end":{"line":376,"column":null}},"69":{"start":{"line":377,"column":8},"end":{"line":377,"column":null}},"70":{"start":{"line":379,"column":8},"end":{"line":379,"column":null}},"71":{"start":{"line":381,"column":6},"end":{"line":381,"column":null}},"72":{"start":{"line":382,"column":6},"end":{"line":382,"column":null}},"73":{"start":{"line":385,"column":6},"end":{"line":404,"column":null}},"74":{"start":{"line":386,"column":26},"end":{"line":400,"column":null}},"75":{"start":{"line":401,"column":8},"end":{"line":401,"column":null}},"76":{"start":{"line":403,"column":8},"end":{"line":403,"column":null}},"77":{"start":{"line":405,"column":6},"end":{"line":405,"column":null}},"78":{"start":{"line":406,"column":6},"end":{"line":406,"column":null}},"79":{"start":{"line":409,"column":4},"end":{"line":409,"column":null}},"80":{"start":{"line":409,"column":25},"end":{"line":409,"column":null}},"81":{"start":{"line":412,"column":71},"end":{"line":412,"column":null}},"82":{"start":{"line":413,"column":4},"end":{"line":413,"column":null}},"83":{"start":{"line":416,"column":4},"end":{"line":428,"column":null}},"84":{"start":{"line":417,"column":22},"end":{"line":426,"column":null}},"85":{"start":{"line":427,"column":6},"end":{"line":427,"column":null}},"86":{"start":{"line":427,"column":19},"end":{"line":427,"column":null}},"87":{"start":{"line":431,"column":4},"end":{"line":443,"column":null}},"88":{"start":{"line":432,"column":22},"end":{"line":441,"column":null}},"89":{"start":{"line":442,"column":6},"end":{"line":442,"column":null}},"90":{"start":{"line":442,"column":19},"end":{"line":442,"column":null}},"91":{"start":{"line":446,"column":4},"end":{"line":448,"column":null}},"92":{"start":{"line":447,"column":6},"end":{"line":447,"column":null}},"93":{"start":{"line":450,"column":4},"end":{"line":454,"column":null}},"94":{"start":{"line":470,"column":29},"end":{"line":470,"column":null}},"95":{"start":{"line":471,"column":35},"end":{"line":471,"column":null}},"96":{"start":{"line":472,"column":16},"end":{"line":472,"column":null}},"97":{"start":{"line":473,"column":23},"end":{"line":473,"column":null}},"98":{"start":{"line":474,"column":32},"end":{"line":476,"column":null}},"99":{"start":{"line":479,"column":24},"end":{"line":483,"column":null}},"100":{"start":{"line":486,"column":48},"end":{"line":486,"column":null}},"101":{"start":{"line":487,"column":34},"end":{"line":491,"column":null}},"102":{"start":{"line":495,"column":4},"end":{"line":507,"column":null}},"103":{"start":{"line":496,"column":22},"end":{"line":505,"column":null}},"104":{"start":{"line":506,"column":6},"end":{"line":506,"column":null}},"105":{"start":{"line":509,"column":28},"end":{"line":509,"column":null}},"106":{"start":{"line":511,"column":4},"end":{"line":565,"column":null}},"107":{"start":{"line":512,"column":6},"end":{"line":536,"column":null}},"108":{"start":{"line":513,"column":26},"end":{"line":532,"column":null}},"109":{"start":{"line":533,"column":8},"end":{"line":533,"column":null}},"110":{"start":{"line":535,"column":8},"end":{"line":535,"column":null}},"111":{"start":{"line":537,"column":6},"end":{"line":537,"column":null}},"112":{"start":{"line":539,"column":6},"end":{"line":563,"column":null}},"113":{"start":{"line":540,"column":26},"end":{"line":559,"column":null}},"114":{"start":{"line":560,"column":8},"end":{"line":560,"column":null}},"115":{"start":{"line":562,"column":8},"end":{"line":562,"column":null}},"116":{"start":{"line":564,"column":6},"end":{"line":564,"column":null}},"117":{"start":{"line":567,"column":4},"end":{"line":567,"column":null}},"118":{"start":{"line":567,"column":25},"end":{"line":567,"column":null}},"119":{"start":{"line":570,"column":4},"end":{"line":684,"column":null}},"120":{"start":{"line":571,"column":29},"end":{"line":580,"column":null}},"121":{"start":{"line":582,"column":6},"end":{"line":603,"column":null}},"122":{"start":{"line":583,"column":8},"end":{"line":591,"column":null}},"123":{"start":{"line":592,"column":8},"end":{"line":592,"column":null}},"124":{"start":{"line":594,"column":8},"end":{"line":601,"column":null}},"125":{"start":{"line":602,"column":8},"end":{"line":602,"column":null}},"126":{"start":{"line":606,"column":32},"end":{"line":615,"column":null}},"127":{"start":{"line":617,"column":6},"end":{"line":648,"column":null}},"128":{"start":{"line":618,"column":8},"end":{"line":627,"column":null}},"129":{"start":{"line":628,"column":8},"end":{"line":628,"column":null}},"130":{"start":{"line":631,"column":26},"end":{"line":635,"column":null}},"131":{"start":{"line":637,"column":8},"end":{"line":646,"column":null}},"132":{"start":{"line":647,"column":8},"end":{"line":647,"column":null}},"133":{"start":{"line":651,"column":6},"end":{"line":683,"column":null}},"134":{"start":{"line":652,"column":34},"end":{"line":661,"column":null}},"135":{"start":{"line":663,"column":8},"end":{"line":682,"column":null}},"136":{"start":{"line":664,"column":10},"end":{"line":671,"column":null}},"137":{"start":{"line":672,"column":10},"end":{"line":672,"column":null}},"138":{"start":{"line":674,"column":10},"end":{"line":680,"column":null}},"139":{"start":{"line":681,"column":10},"end":{"line":681,"column":null}},"140":{"start":{"line":686,"column":4},"end":{"line":690,"column":null}},"141":{"start":{"line":703,"column":25},"end":{"line":703,"column":null}},"142":{"start":{"line":704,"column":4},"end":{"line":706,"column":null}},"143":{"start":{"line":705,"column":6},"end":{"line":705,"column":null}},"144":{"start":{"line":709,"column":27},"end":{"line":709,"column":null}},"145":{"start":{"line":710,"column":4},"end":{"line":712,"column":null}},"146":{"start":{"line":711,"column":6},"end":{"line":711,"column":null}},"147":{"start":{"line":714,"column":4},"end":{"line":716,"column":null}},"148":{"start":{"line":715,"column":6},"end":{"line":715,"column":null}},"149":{"start":{"line":718,"column":4},"end":{"line":735,"column":null}},"150":{"start":{"line":720,"column":37},"end":{"line":720,"column":null}},"151":{"start":{"line":721,"column":6},"end":{"line":723,"column":null}},"152":{"start":{"line":722,"column":8},"end":{"line":722,"column":null}},"153":{"start":{"line":725,"column":6},"end":{"line":733,"column":null}},"154":{"start":{"line":734,"column":6},"end":{"line":734,"column":null}},"155":{"start":{"line":756,"column":4},"end":{"line":756,"column":null}},"156":{"start":{"line":759,"column":28},"end":{"line":759,"column":null}},"157":{"start":{"line":760,"column":4},"end":{"line":764,"column":null}},"158":{"start":{"line":761,"column":6},"end":{"line":761,"column":null}},"159":{"start":{"line":762,"column":6},"end":{"line":762,"column":null}},"160":{"start":{"line":763,"column":6},"end":{"line":763,"column":null}},"161":{"start":{"line":771,"column":9},"end":{"line":771,"column":null}},"162":{"start":{"line":773,"column":4},"end":{"line":794,"column":null}},"163":{"start":{"line":774,"column":6},"end":{"line":793,"column":null}},"164":{"start":{"line":776,"column":26},"end":{"line":784,"column":null}},"165":{"start":{"line":786,"column":8},"end":{"line":792,"column":null}},"166":{"start":{"line":787,"column":10},"end":{"line":791,"column":null}},"167":{"start":{"line":796,"column":4},"end":{"line":799,"column":null}},"168":{"start":{"line":797,"column":6},"end":{"line":797,"column":null}},"169":{"start":{"line":798,"column":6},"end":{"line":798,"column":null}},"170":{"start":{"line":802,"column":23},"end":{"line":802,"column":null}},"171":{"start":{"line":802,"column":47},"end":{"line":802,"column":65}},"172":{"start":{"line":803,"column":30},"end":{"line":810,"column":null}},"173":{"start":{"line":812,"column":32},"end":{"line":812,"column":null}},"174":{"start":{"line":813,"column":4},"end":{"line":815,"column":null}},"175":{"start":{"line":814,"column":6},"end":{"line":814,"column":null}},"176":{"start":{"line":818,"column":55},"end":{"line":818,"column":null}},"177":{"start":{"line":819,"column":62},"end":{"line":819,"column":null}},"178":{"start":{"line":821,"column":4},"end":{"line":831,"column":null}},"179":{"start":{"line":822,"column":6},"end":{"line":830,"column":null}},"180":{"start":{"line":823,"column":8},"end":{"line":823,"column":null}},"181":{"start":{"line":824,"column":27},"end":{"line":824,"column":null}},"182":{"start":{"line":825,"column":8},"end":{"line":827,"column":null}},"183":{"start":{"line":829,"column":8},"end":{"line":829,"column":null}},"184":{"start":{"line":834,"column":30},"end":{"line":836,"column":null}},"185":{"start":{"line":835,"column":21},"end":{"line":835,"column":53}},"186":{"start":{"line":836,"column":18},"end":{"line":836,"column":43}},"187":{"start":{"line":838,"column":30},"end":{"line":838,"column":null}},"188":{"start":{"line":839,"column":4},"end":{"line":844,"column":null}},"189":{"start":{"line":840,"column":6},"end":{"line":843,"column":null}},"190":{"start":{"line":847,"column":4},"end":{"line":895,"column":null}},"191":{"start":{"line":848,"column":6},"end":{"line":854,"column":null}},"192":{"start":{"line":849,"column":8},"end":{"line":851,"column":null}},"193":{"start":{"line":852,"column":8},"end":{"line":852,"column":null}},"194":{"start":{"line":853,"column":8},"end":{"line":853,"column":null}},"195":{"start":{"line":856,"column":25},"end":{"line":856,"column":null}},"196":{"start":{"line":857,"column":6},"end":{"line":863,"column":null}},"197":{"start":{"line":858,"column":8},"end":{"line":860,"column":null}},"198":{"start":{"line":861,"column":8},"end":{"line":861,"column":null}},"199":{"start":{"line":862,"column":8},"end":{"line":862,"column":null}},"200":{"start":{"line":866,"column":26},"end":{"line":866,"column":null}},"201":{"start":{"line":867,"column":6},"end":{"line":875,"column":null}},"202":{"start":{"line":878,"column":6},"end":{"line":889,"column":null}},"203":{"start":{"line":891,"column":6},"end":{"line":893,"column":null}},"204":{"start":{"line":894,"column":6},"end":{"line":894,"column":null}},"205":{"start":{"line":898,"column":4},"end":{"line":920,"column":null}},"206":{"start":{"line":899,"column":25},"end":{"line":899,"column":null}},"207":{"start":{"line":901,"column":6},"end":{"line":904,"column":null}},"208":{"start":{"line":902,"column":8},"end":{"line":902,"column":null}},"209":{"start":{"line":903,"column":8},"end":{"line":903,"column":null}},"210":{"start":{"line":906,"column":25},"end":{"line":906,"column":null}},"211":{"start":{"line":907,"column":6},"end":{"line":910,"column":null}},"212":{"start":{"line":908,"column":8},"end":{"line":908,"column":null}},"213":{"start":{"line":909,"column":8},"end":{"line":909,"column":null}},"214":{"start":{"line":912,"column":6},"end":{"line":918,"column":null}},"215":{"start":{"line":919,"column":6},"end":{"line":919,"column":null}},"216":{"start":{"line":922,"column":4},"end":{"line":926,"column":null}},"217":{"start":{"line":939,"column":31},"end":{"line":948,"column":null}},"218":{"start":{"line":950,"column":4},"end":{"line":961,"column":null}},"219":{"start":{"line":952,"column":29},"end":{"line":956,"column":null}},"220":{"start":{"line":958,"column":6},"end":{"line":958,"column":null}},"221":{"start":{"line":958,"column":25},"end":{"line":958,"column":null}},"222":{"start":{"line":960,"column":6},"end":{"line":960,"column":null}},"223":{"start":{"line":963,"column":4},"end":{"line":963,"column":null}},"224":{"start":{"line":977,"column":27},"end":{"line":987,"column":null}},"225":{"start":{"line":989,"column":4},"end":{"line":995,"column":null}},"226":{"start":{"line":990,"column":6},"end":{"line":994,"column":null}},"227":{"start":{"line":998,"column":26},"end":{"line":1007,"column":null}},"228":{"start":{"line":1009,"column":4},"end":{"line":1015,"column":null}},"229":{"start":{"line":1010,"column":6},"end":{"line":1014,"column":null}},"230":{"start":{"line":1018,"column":26},"end":{"line":1027,"column":null}},"231":{"start":{"line":1029,"column":4},"end":{"line":1031,"column":null}},"232":{"start":{"line":1033,"column":4},"end":{"line":1037,"column":null}},"233":{"start":{"line":1050,"column":17},"end":{"line":1050,"column":null}},"234":{"start":{"line":1051,"column":19},"end":{"line":1051,"column":null}},"235":{"start":{"line":1052,"column":22},"end":{"line":1052,"column":null}},"236":{"start":{"line":1055,"column":43},"end":{"line":1055,"column":null}},"237":{"start":{"line":1058,"column":31},"end":{"line":1067,"column":null}},"238":{"start":{"line":1069,"column":4},"end":{"line":1069,"column":null}},"239":{"start":{"line":1072,"column":4},"end":{"line":1074,"column":null}},"240":{"start":{"line":1073,"column":6},"end":{"line":1073,"column":null}},"241":{"start":{"line":1076,"column":4},"end":{"line":1115,"column":null}},"242":{"start":{"line":1076,"column":17},"end":{"line":1076,"column":20}},"243":{"start":{"line":1077,"column":20},"end":{"line":1077,"column":null}},"244":{"start":{"line":1078,"column":23},"end":{"line":1078,"column":null}},"245":{"start":{"line":1081,"column":6},"end":{"line":1086,"column":null}},"246":{"start":{"line":1082,"column":8},"end":{"line":1082,"column":null}},"247":{"start":{"line":1085,"column":8},"end":{"line":1085,"column":null}},"248":{"start":{"line":1088,"column":6},"end":{"line":1109,"column":null}},"249":{"start":{"line":1089,"column":21},"end":{"line":1089,"column":null}},"250":{"start":{"line":1090,"column":23},"end":{"line":1090,"column":null}},"251":{"start":{"line":1092,"column":8},"end":{"line":1103,"column":null}},"252":{"start":{"line":1093,"column":25},"end":{"line":1093,"column":null}},"253":{"start":{"line":1094,"column":28},"end":{"line":1094,"column":null}},"254":{"start":{"line":1097,"column":10},"end":{"line":1102,"column":null}},"255":{"start":{"line":1098,"column":12},"end":{"line":1098,"column":null}},"256":{"start":{"line":1100,"column":28},"end":{"line":1100,"column":null}},"257":{"start":{"line":1101,"column":12},"end":{"line":1101,"column":null}},"258":{"start":{"line":1105,"column":8},"end":{"line":1107,"column":null}},"259":{"start":{"line":1112,"column":6},"end":{"line":1114,"column":null}},"260":{"start":{"line":1113,"column":8},"end":{"line":1113,"column":null}},"261":{"start":{"line":1117,"column":4},"end":{"line":1117,"column":null}},"262":{"start":{"line":1128,"column":19},"end":{"line":1132,"column":null}},"263":{"start":{"line":1134,"column":4},"end":{"line":1136,"column":null}},"264":{"start":{"line":1135,"column":6},"end":{"line":1135,"column":null}},"265":{"start":{"line":1138,"column":4},"end":{"line":1142,"column":null}},"266":{"start":{"line":1152,"column":20},"end":{"line":1152,"column":null}},"267":{"start":{"line":1153,"column":16},"end":{"line":1153,"column":null}},"268":{"start":{"line":1155,"column":21},"end":{"line":1160,"column":null}},"269":{"start":{"line":1162,"column":4},"end":{"line":1177,"column":null}},"270":{"start":{"line":1163,"column":25},"end":{"line":1163,"column":null}},"271":{"start":{"line":1164,"column":6},"end":{"line":1164,"column":null}},"272":{"start":{"line":1165,"column":6},"end":{"line":1165,"column":null}},"273":{"start":{"line":1167,"column":28},"end":{"line":1172,"column":null}},"274":{"start":{"line":1173,"column":6},"end":{"line":1175,"column":null}},"275":{"start":{"line":1174,"column":8},"end":{"line":1174,"column":null}},"276":{"start":{"line":1176,"column":6},"end":{"line":1176,"column":null}},"277":{"start":{"line":1179,"column":4},"end":{"line":1181,"column":null}},"278":{"start":{"line":1180,"column":6},"end":{"line":1180,"column":null}},"279":{"start":{"line":1183,"column":4},"end":{"line":1183,"column":null}},"280":{"start":{"line":1195,"column":19},"end":{"line":1199,"column":null}},"281":{"start":{"line":1201,"column":4},"end":{"line":1203,"column":null}},"282":{"start":{"line":1202,"column":6},"end":{"line":1202,"column":null}},"283":{"start":{"line":1205,"column":23},"end":{"line":1205,"column":null}},"284":{"start":{"line":1206,"column":45},"end":{"line":1206,"column":null}},"285":{"start":{"line":1207,"column":34},"end":{"line":1207,"column":null}},"286":{"start":{"line":1209,"column":4},"end":{"line":1255,"column":null}},"287":{"start":{"line":1211,"column":6},"end":{"line":1217,"column":null}},"288":{"start":{"line":1212,"column":8},"end":{"line":1212,"column":null}},"289":{"start":{"line":1213,"column":6},"end":{"line":1217,"column":null}},"290":{"start":{"line":1214,"column":8},"end":{"line":1214,"column":null}},"291":{"start":{"line":1216,"column":8},"end":{"line":1216,"column":null}},"292":{"start":{"line":1219,"column":23},"end":{"line":1224,"column":null}},"293":{"start":{"line":1226,"column":6},"end":{"line":1231,"column":null}},"294":{"start":{"line":1227,"column":27},"end":{"line":1227,"column":null}},"295":{"start":{"line":1228,"column":8},"end":{"line":1228,"column":null}},"296":{"start":{"line":1229,"column":8},"end":{"line":1229,"column":null}},"297":{"start":{"line":1230,"column":8},"end":{"line":1230,"column":null}},"298":{"start":{"line":1233,"column":6},"end":{"line":1236,"column":null}},"299":{"start":{"line":1234,"column":21},"end":{"line":1234,"column":null}},"300":{"start":{"line":1235,"column":8},"end":{"line":1235,"column":null}},"301":{"start":{"line":1238,"column":19},"end":{"line":1238,"column":null}},"302":{"start":{"line":1239,"column":6},"end":{"line":1239,"column":null}},"303":{"start":{"line":1242,"column":6},"end":{"line":1242,"column":null}},"304":{"start":{"line":1243,"column":25},"end":{"line":1243,"column":null}},"305":{"start":{"line":1244,"column":6},"end":{"line":1249,"column":null}},"306":{"start":{"line":1245,"column":26},"end":{"line":1245,"column":null}},"307":{"start":{"line":1246,"column":8},"end":{"line":1248,"column":null}},"308":{"start":{"line":1247,"column":10},"end":{"line":1247,"column":null}},"309":{"start":{"line":1252,"column":6},"end":{"line":1254,"column":null}},"310":{"start":{"line":1253,"column":8},"end":{"line":1253,"column":null}},"311":{"start":{"line":1257,"column":4},"end":{"line":1257,"column":null}},"312":{"start":{"line":1261,"column":4},"end":{"line":1261,"column":null}},"313":{"start":{"line":1261,"column":36},"end":{"line":1261,"column":59}},"314":{"start":{"line":1270,"column":2},"end":{"line":1270,"column":null}}},"fnMap":{"0":{"name":"(anonymous_0)","decl":{"start":{"line":176,"column":2},"end":{"line":176,"column":31}},"loc":{"start":{"line":176,"column":46},"end":{"line":176,"column":null}},"line":176},"1":{"name":"(anonymous_1)","decl":{"start":{"line":181,"column":8},"end":{"line":181,"column":12}},"loc":{"start":{"line":181,"column":63},"end":{"line":288,"column":null}},"line":181},"2":{"name":"(anonymous_2)","decl":{"start":{"line":293,"column":16},"end":{"line":293,"column":null}},"loc":{"start":{"line":300,"column":51},"end":{"line":455,"column":null}},"line":300},"3":{"name":"(anonymous_3)","decl":{"start":{"line":303,"column":43},"end":{"line":303,"column":44}},"loc":{"start":{"line":303,"column":50},"end":{"line":303,"column":58}},"line":303},"4":{"name":"(anonymous_4)","decl":{"start":{"line":460,"column":16},"end":{"line":460,"column":null}},"loc":{"start":{"line":469,"column":66},"end":{"line":691,"column":null}},"line":469},"5":{"name":"(anonymous_5)","decl":{"start":{"line":696,"column":16},"end":{"line":696,"column":null}},"loc":{"start":{"line":701,"column":19},"end":{"line":736,"column":null}},"line":701},"6":{"name":"(anonymous_6)","decl":{"start":{"line":752,"column":16},"end":{"line":752,"column":null}},"loc":{"start":{"line":755,"column":19},"end":{"line":927,"column":null}},"line":755},"7":{"name":"(anonymous_7)","decl":{"start":{"line":802,"column":40},"end":{"line":802,"column":41}},"loc":{"start":{"line":802,"column":47},"end":{"line":802,"column":65}},"line":802},"8":{"name":"(anonymous_8)","decl":{"start":{"line":835,"column":14},"end":{"line":835,"column":15}},"loc":{"start":{"line":835,"column":21},"end":{"line":835,"column":53}},"line":835},"9":{"name":"(anonymous_9)","decl":{"start":{"line":836,"column":11},"end":{"line":836,"column":12}},"loc":{"start":{"line":836,"column":18},"end":{"line":836,"column":43}},"line":836},"10":{"name":"(anonymous_10)","decl":{"start":{"line":933,"column":16},"end":{"line":933,"column":null}},"loc":{"start":{"line":937,"column":12},"end":{"line":964,"column":null}},"line":937},"11":{"name":"(anonymous_11)","decl":{"start":{"line":969,"column":16},"end":{"line":969,"column":null}},"loc":{"start":{"line":975,"column":5},"end":{"line":1038,"column":null}},"line":975},"12":{"name":"(anonymous_12)","decl":{"start":{"line":1046,"column":16},"end":{"line":1046,"column":null}},"loc":{"start":{"line":1049,"column":34},"end":{"line":1118,"column":null}},"line":1049},"13":{"name":"(anonymous_13)","decl":{"start":{"line":1123,"column":16},"end":{"line":1123,"column":38}},"loc":{"start":{"line":1127,"column":5},"end":{"line":1143,"column":null}},"line":1127},"14":{"name":"(anonymous_14)","decl":{"start":{"line":1148,"column":16},"end":{"line":1148,"column":null}},"loc":{"start":{"line":1151,"column":18},"end":{"line":1184,"column":null}},"line":1151},"15":{"name":"(anonymous_15)","decl":{"start":{"line":1190,"column":16},"end":{"line":1190,"column":null}},"loc":{"start":{"line":1193,"column":34},"end":{"line":1258,"column":null}},"line":1193},"16":{"name":"(anonymous_16)","decl":{"start":{"line":1260,"column":10},"end":{"line":1260,"column":16}},"loc":{"start":{"line":1260,"column":43},"end":{"line":1262,"column":null}},"line":1260},"17":{"name":"(anonymous_17)","decl":{"start":{"line":1261,"column":23},"end":{"line":1261,"column":24}},"loc":{"start":{"line":1261,"column":36},"end":{"line":1261,"column":59}},"line":1261},"18":{"name":"createCatalogBackfillService","decl":{"start":{"line":1269,"column":16},"end":{"line":1269,"column":45}},"loc":{"start":{"line":1269,"column":54},"end":{"line":1271,"column":null}},"line":1269}},"branchMap":{"0":{"loc":{"start":{"line":184,"column":14},"end":{"line":184,"column":null}},"type":"binary-expr","locations":[{"start":{"line":184,"column":14},"end":{"line":184,"column":32}},{"start":{"line":184,"column":32},"end":{"line":184,"column":null}}],"line":184},"1":{"loc":{"start":{"line":197,"column":21},"end":{"line":197,"column":null}},"type":"binary-expr","locations":[{"start":{"line":197,"column":21},"end":{"line":197,"column":39}},{"start":{"line":197,"column":39},"end":{"line":197,"column":null}}],"line":197},"2":{"loc":{"start":{"line":206,"column":4},"end":{"line":209,"column":null}},"type":"if","locations":[{"start":{"line":206,"column":4},"end":{"line":209,"column":null}},{"start":{},"end":{}}],"line":206},"3":{"loc":{"start":{"line":211,"column":4},"end":{"line":214,"column":null}},"type":"if","locations":[{"start":{"line":211,"column":4},"end":{"line":214,"column":null}},{"start":{},"end":{}}],"line":211},"4":{"loc":{"start":{"line":216,"column":46},"end":{"line":216,"column":75}},"type":"cond-expr","locations":[{"start":{"line":216,"column":57},"end":{"line":216,"column":69}},{"start":{"line":216,"column":69},"end":{"line":216,"column":75}}],"line":216},"5":{"loc":{"start":{"line":238,"column":10},"end":{"line":238,"column":null}},"type":"binary-expr","locations":[{"start":{"line":238,"column":10},"end":{"line":238,"column":37}},{"start":{"line":238,"column":37},"end":{"line":238,"column":null}}],"line":238},"6":{"loc":{"start":{"line":239,"column":10},"end":{"line":239,"column":null}},"type":"binary-expr","locations":[{"start":{"line":239,"column":10},"end":{"line":239,"column":36}},{"start":{"line":239,"column":36},"end":{"line":239,"column":null}}],"line":239},"7":{"loc":{"start":{"line":241,"column":8},"end":{"line":243,"column":null}},"type":"if","locations":[{"start":{"line":241,"column":8},"end":{"line":243,"column":null}},{"start":{},"end":{}}],"line":241},"8":{"loc":{"start":{"line":251,"column":36},"end":{"line":251,"column":null}},"type":"binary-expr","locations":[{"start":{"line":251,"column":36},"end":{"line":251,"column":65}},{"start":{"line":251,"column":65},"end":{"line":251,"column":null}}],"line":251},"9":{"loc":{"start":{"line":252,"column":4},"end":{"line":262,"column":null}},"type":"if","locations":[{"start":{"line":252,"column":4},"end":{"line":262,"column":null}},{"start":{"line":260,"column":4},"end":{"line":262,"column":null}}],"line":252},"10":{"loc":{"start":{"line":252,"column":8},"end":{"line":252,"column":76}},"type":"binary-expr","locations":[{"start":{"line":252,"column":8},"end":{"line":252,"column":35}},{"start":{"line":252,"column":35},"end":{"line":252,"column":48}},{"start":{"line":252,"column":48},"end":{"line":252,"column":76}}],"line":252},"11":{"loc":{"start":{"line":260,"column":4},"end":{"line":262,"column":null}},"type":"if","locations":[{"start":{"line":260,"column":4},"end":{"line":262,"column":null}},{"start":{},"end":{}}],"line":260},"12":{"loc":{"start":{"line":260,"column":15},"end":{"line":260,"column":52}},"type":"binary-expr","locations":[{"start":{"line":260,"column":15},"end":{"line":260,"column":42}},{"start":{"line":260,"column":42},"end":{"line":260,"column":52}}],"line":260},"13":{"loc":{"start":{"line":274,"column":4},"end":{"line":285,"column":null}},"type":"if","locations":[{"start":{"line":274,"column":4},"end":{"line":285,"column":null}},{"start":{},"end":{}}],"line":274},"14":{"loc":{"start":{"line":278,"column":25},"end":{"line":278,"column":null}},"type":"cond-expr","locations":[{"start":{"line":278,"column":41},"end":{"line":278,"column":59}},{"start":{"line":278,"column":59},"end":{"line":278,"column":null}}],"line":278},"15":{"loc":{"start":{"line":280,"column":37},"end":{"line":280,"column":53}},"type":"binary-expr","locations":[{"start":{"line":280,"column":37},"end":{"line":280,"column":48}},{"start":{"line":280,"column":48},"end":{"line":280,"column":53}}],"line":280},"16":{"loc":{"start":{"line":302,"column":17},"end":{"line":304,"column":null}},"type":"cond-expr","locations":[{"start":{"line":303,"column":8},"end":{"line":303,"column":null}},{"start":{"line":304,"column":8},"end":{"line":304,"column":null}}],"line":302},"17":{"loc":{"start":{"line":317,"column":18},"end":{"line":317,"column":null}},"type":"binary-expr","locations":[{"start":{"line":317,"column":18},"end":{"line":317,"column":50}},{"start":{"line":317,"column":50},"end":{"line":317,"column":null}}],"line":317},"18":{"loc":{"start":{"line":318,"column":6},"end":{"line":334,"column":null}},"type":"if","locations":[{"start":{"line":318,"column":6},"end":{"line":334,"column":null}},{"start":{"line":332,"column":13},"end":{"line":334,"column":null}}],"line":318},"19":{"loc":{"start":{"line":320,"column":8},"end":{"line":331,"column":null}},"type":"if","locations":[{"start":{"line":320,"column":8},"end":{"line":331,"column":null}},{"start":{"line":328,"column":15},"end":{"line":331,"column":null}}],"line":320},"20":{"loc":{"start":{"line":321,"column":20},"end":{"line":321,"column":null}},"type":"binary-expr","locations":[{"start":{"line":321,"column":20},"end":{"line":321,"column":31}},{"start":{"line":321,"column":31},"end":{"line":321,"column":null}}],"line":321},"21":{"loc":{"start":{"line":330,"column":20},"end":{"line":330,"column":null}},"type":"binary-expr","locations":[{"start":{"line":330,"column":20},"end":{"line":330,"column":31}},{"start":{"line":330,"column":31},"end":{"line":330,"column":null}}],"line":330},"22":{"loc":{"start":{"line":349,"column":4},"end":{"line":356,"column":null}},"type":"if","locations":[{"start":{"line":349,"column":4},"end":{"line":356,"column":null}},{"start":{},"end":{}}],"line":349},"23":{"loc":{"start":{"line":349,"column":8},"end":{"line":349,"column":41}},"type":"binary-expr","locations":[{"start":{"line":349,"column":8},"end":{"line":349,"column":32}},{"start":{"line":349,"column":32},"end":{"line":349,"column":41}}],"line":349},"24":{"loc":{"start":{"line":358,"column":21},"end":{"line":358,"column":null}},"type":"binary-expr","locations":[{"start":{"line":358,"column":21},"end":{"line":358,"column":44}},{"start":{"line":358,"column":44},"end":{"line":358,"column":null}}],"line":358},"25":{"loc":{"start":{"line":360,"column":4},"end":{"line":407,"column":null}},"type":"if","locations":[{"start":{"line":360,"column":4},"end":{"line":407,"column":null}},{"start":{"line":383,"column":11},"end":{"line":407,"column":null}}],"line":360},"26":{"loc":{"start":{"line":362,"column":6},"end":{"line":380,"column":null}},"type":"if","locations":[{"start":{"line":362,"column":6},"end":{"line":380,"column":null}},{"start":{"line":378,"column":13},"end":{"line":380,"column":null}}],"line":362},"27":{"loc":{"start":{"line":371,"column":20},"end":{"line":371,"column":null}},"type":"cond-expr","locations":[{"start":{"line":371,"column":57},"end":{"line":371,"column":68}},{"start":{"line":371,"column":68},"end":{"line":371,"column":null}}],"line":371},"28":{"loc":{"start":{"line":371,"column":68},"end":{"line":371,"column":null}},"type":"cond-expr","locations":[{"start":{"line":371,"column":104},"end":{"line":371,"column":114}},{"start":{"line":371,"column":114},"end":{"line":371,"column":null}}],"line":371},"29":{"loc":{"start":{"line":385,"column":6},"end":{"line":404,"column":null}},"type":"if","locations":[{"start":{"line":385,"column":6},"end":{"line":404,"column":null}},{"start":{"line":402,"column":13},"end":{"line":404,"column":null}}],"line":385},"30":{"loc":{"start":{"line":396,"column":20},"end":{"line":396,"column":null}},"type":"cond-expr","locations":[{"start":{"line":396,"column":57},"end":{"line":396,"column":68}},{"start":{"line":396,"column":68},"end":{"line":396,"column":null}}],"line":396},"31":{"loc":{"start":{"line":396,"column":68},"end":{"line":396,"column":null}},"type":"cond-expr","locations":[{"start":{"line":396,"column":104},"end":{"line":396,"column":114}},{"start":{"line":396,"column":114},"end":{"line":396,"column":null}}],"line":396},"32":{"loc":{"start":{"line":409,"column":4},"end":{"line":409,"column":null}},"type":"if","locations":[{"start":{"line":409,"column":4},"end":{"line":409,"column":null}},{"start":{},"end":{}}],"line":409},"33":{"loc":{"start":{"line":425,"column":8},"end":{"line":425,"column":null}},"type":"cond-expr","locations":[{"start":{"line":425,"column":27},"end":{"line":425,"column":31}},{"start":{"line":425,"column":31},"end":{"line":425,"column":null}}],"line":425},"34":{"loc":{"start":{"line":425,"column":31},"end":{"line":425,"column":null}},"type":"cond-expr","locations":[{"start":{"line":425,"column":50},"end":{"line":425,"column":54}},{"start":{"line":425,"column":54},"end":{"line":425,"column":null}}],"line":425},"35":{"loc":{"start":{"line":427,"column":6},"end":{"line":427,"column":null}},"type":"if","locations":[{"start":{"line":427,"column":6},"end":{"line":427,"column":null}},{"start":{},"end":{}}],"line":427},"36":{"loc":{"start":{"line":442,"column":6},"end":{"line":442,"column":null}},"type":"if","locations":[{"start":{"line":442,"column":6},"end":{"line":442,"column":null}},{"start":{},"end":{}}],"line":442},"37":{"loc":{"start":{"line":446,"column":4},"end":{"line":448,"column":null}},"type":"if","locations":[{"start":{"line":446,"column":4},"end":{"line":448,"column":null}},{"start":{},"end":{}}],"line":446},"38":{"loc":{"start":{"line":446,"column":8},"end":{"line":446,"column":73}},"type":"binary-expr","locations":[{"start":{"line":446,"column":8},"end":{"line":446,"column":26}},{"start":{"line":446,"column":26},"end":{"line":446,"column":62}},{"start":{"line":446,"column":62},"end":{"line":446,"column":73}}],"line":446},"39":{"loc":{"start":{"line":472,"column":16},"end":{"line":472,"column":null}},"type":"binary-expr","locations":[{"start":{"line":472,"column":16},"end":{"line":472,"column":61}},{"start":{"line":472,"column":61},"end":{"line":472,"column":null}}],"line":472},"40":{"loc":{"start":{"line":473,"column":45},"end":{"line":473,"column":72}},"type":"binary-expr","locations":[{"start":{"line":473,"column":45},"end":{"line":473,"column":69}},{"start":{"line":473,"column":69},"end":{"line":473,"column":72}}],"line":473},"41":{"loc":{"start":{"line":474,"column":32},"end":{"line":476,"column":null}},"type":"cond-expr","locations":[{"start":{"line":475,"column":8},"end":{"line":475,"column":null}},{"start":{"line":476,"column":8},"end":{"line":476,"column":null}}],"line":474},"42":{"loc":{"start":{"line":479,"column":24},"end":{"line":483,"column":null}},"type":"cond-expr","locations":[{"start":{"line":480,"column":8},"end":{"line":480,"column":null}},{"start":{"line":481,"column":8},"end":{"line":483,"column":null}}],"line":479},"43":{"loc":{"start":{"line":481,"column":8},"end":{"line":483,"column":null}},"type":"cond-expr","locations":[{"start":{"line":482,"column":10},"end":{"line":482,"column":null}},{"start":{"line":483,"column":10},"end":{"line":483,"column":null}}],"line":481},"44":{"loc":{"start":{"line":495,"column":4},"end":{"line":507,"column":null}},"type":"if","locations":[{"start":{"line":495,"column":4},"end":{"line":507,"column":null}},{"start":{},"end":{}}],"line":495},"45":{"loc":{"start":{"line":495,"column":8},"end":{"line":495,"column":37}},"type":"binary-expr","locations":[{"start":{"line":495,"column":8},"end":{"line":495,"column":32}},{"start":{"line":495,"column":32},"end":{"line":495,"column":37}}],"line":495},"46":{"loc":{"start":{"line":509,"column":28},"end":{"line":509,"column":null}},"type":"binary-expr","locations":[{"start":{"line":509,"column":28},"end":{"line":509,"column":51}},{"start":{"line":509,"column":51},"end":{"line":509,"column":null}}],"line":509},"47":{"loc":{"start":{"line":511,"column":4},"end":{"line":565,"column":null}},"type":"if","locations":[{"start":{"line":511,"column":4},"end":{"line":565,"column":null}},{"start":{"line":538,"column":11},"end":{"line":565,"column":null}}],"line":511},"48":{"loc":{"start":{"line":512,"column":6},"end":{"line":536,"column":null}},"type":"if","locations":[{"start":{"line":512,"column":6},"end":{"line":536,"column":null}},{"start":{"line":534,"column":13},"end":{"line":536,"column":null}}],"line":512},"49":{"loc":{"start":{"line":539,"column":6},"end":{"line":563,"column":null}},"type":"if","locations":[{"start":{"line":539,"column":6},"end":{"line":563,"column":null}},{"start":{"line":561,"column":13},"end":{"line":563,"column":null}}],"line":539},"50":{"loc":{"start":{"line":567,"column":4},"end":{"line":567,"column":null}},"type":"if","locations":[{"start":{"line":567,"column":4},"end":{"line":567,"column":null}},{"start":{},"end":{}}],"line":567},"51":{"loc":{"start":{"line":570,"column":4},"end":{"line":684,"column":null}},"type":"if","locations":[{"start":{"line":570,"column":4},"end":{"line":684,"column":null}},{"start":{},"end":{}}],"line":570},"52":{"loc":{"start":{"line":582,"column":6},"end":{"line":603,"column":null}},"type":"if","locations":[{"start":{"line":582,"column":6},"end":{"line":603,"column":null}},{"start":{"line":593,"column":13},"end":{"line":603,"column":null}}],"line":582},"53":{"loc":{"start":{"line":617,"column":6},"end":{"line":648,"column":null}},"type":"if","locations":[{"start":{"line":617,"column":6},"end":{"line":648,"column":null}},{"start":{"line":629,"column":13},"end":{"line":648,"column":null}}],"line":617},"54":{"loc":{"start":{"line":640,"column":29},"end":{"line":640,"column":null}},"type":"binary-expr","locations":[{"start":{"line":640,"column":29},"end":{"line":640,"column":58}},{"start":{"line":640,"column":58},"end":{"line":640,"column":null}}],"line":640},"55":{"loc":{"start":{"line":651,"column":6},"end":{"line":683,"column":null}},"type":"if","locations":[{"start":{"line":651,"column":6},"end":{"line":683,"column":null}},{"start":{},"end":{}}],"line":651},"56":{"loc":{"start":{"line":663,"column":8},"end":{"line":682,"column":null}},"type":"if","locations":[{"start":{"line":663,"column":8},"end":{"line":682,"column":null}},{"start":{"line":673,"column":15},"end":{"line":682,"column":null}}],"line":663},"57":{"loc":{"start":{"line":710,"column":4},"end":{"line":712,"column":null}},"type":"if","locations":[{"start":{"line":710,"column":4},"end":{"line":712,"column":null}},{"start":{},"end":{}}],"line":710},"58":{"loc":{"start":{"line":714,"column":4},"end":{"line":716,"column":null}},"type":"if","locations":[{"start":{"line":714,"column":4},"end":{"line":716,"column":null}},{"start":{},"end":{}}],"line":714},"59
[...]
column":54},"end":{"line":640,"column":64}},"line":640},"44":{"name":"(anonymous_44)","decl":{"start":{"line":657,"column":46},"end":{"line":657,"column":52}},"loc":{"start":{"line":657,"column":52},"end":{"line":657,"column":62}},"line":657},"45":{"name":"(anonymous_45)","decl":{"start":{"line":658,"column":46},"end":{"line":658,"column":52}},"loc":{"start":{"line":658,"column":52},"end":{"line":658,"column":62}},"line":658},"46":{"name":"(anonymous_46)","decl":{"start":{"line":678,"column":73},"end":{"line":678,"column":79}},"loc":{"start":{"line":678,"column":79},"end":{"line":678,"column":100}},"line":678},"47":{"name":"(anonymous_47)","decl":{"start":{"line":692,"column":44},"end":{"line":692,"column":50}},"loc":{"start":{"line":692,"column":50},"end":{"line":692,"column":62}},"line":692},"48":{"name":"(anonymous_48)","decl":{"start":{"line":693,"column":59},"end":{"line":693,"column":65}},"loc":{"start":{"line":693,"column":65},"end":{"line":693,"column":84}},"line":693},"49":{"name":"(anonymous_49)","decl":{"start":{"line":714,"column":67},"end":{"line":714,"column":73}},"loc":{"start":{"line":714,"column":73},"end":{"line":714,"column":97}},"line":714},"50":{"name":"(anonymous_50)","decl":{"start":{"line":715,"column":82},"end":{"line":715,"column":88}},"loc":{"start":{"line":715,"column":88},"end":{"line":715,"column":113}},"line":715},"51":{"name":"(anonymous_51)","decl":{"start":{"line":737,"column":72},"end":{"line":737,"column":78}},"loc":{"start":{"line":737,"column":78},"end":{"line":737,"column":103}},"line":737},"52":{"name":"(anonymous_52)","decl":{"start":{"line":738,"column":68},"end":{"line":738,"column":74}},"loc":{"start":{"line":738,"column":74},"end":{"line":738,"column":97}},"line":738},"53":{"name":"(anonymous_53)","decl":{"start":{"line":739,"column":61},"end":{"line":739,"column":67}},"loc":{"start":{"line":739,"column":67},"end":{"line":739,"column":87}},"line":739},"54":{"name":"(anonymous_54)","decl":{"start":{"line":766,"column":73},"end":{"line":766,"column":79}},"loc":{"start":{"line":766,"column":79},"end":{"line":766,"column":100}},"line":766},"55":{"name":"(anonymous_55)","decl":{"start":{"line":769,"column":63},"end":{"line":769,"column":69}},"loc":{"start":{"line":769,"column":69},"end":{"line":769,"column":79}},"line":769},"56":{"name":"(anonymous_56)","decl":{"start":{"line":790,"column":69},"end":{"line":790,"column":75}},"loc":{"start":{"line":790,"column":75},"end":{"line":790,"column":94}},"line":790},"57":{"name":"(anonymous_57)","decl":{"start":{"line":791,"column":69},"end":{"line":791,"column":75}},"loc":{"start":{"line":791,"column":75},"end":{"line":791,"column":94}},"line":791},"58":{"name":"(anonymous_58)","decl":{"start":{"line":795,"column":3},"end":{"line":795,"column":4}},"loc":{"start":{"line":795,"column":14},"end":{"line":797,"column":1}},"line":795},"59":{"name":"(anonymous_59)","decl":{"start":{"line":815,"column":69},"end":{"line":815,"column":75}},"loc":{"start":{"line":815,"column":75},"end":{"line":815,"column":94}},"line":815},"60":{"name":"(anonymous_60)","decl":{"start":{"line":816,"column":68},"end":{"line":816,"column":74}},"loc":{"start":{"line":816,"column":74},"end":{"line":816,"column":97}},"line":816},"61":{"name":"(anonymous_61)","decl":{"start":{"line":817,"column":61},"end":{"line":817,"column":67}},"loc":{"start":{"line":817,"column":67},"end":{"line":817,"column":87}},"line":817},"62":{"name":"(anonymous_62)","decl":{"start":{"line":850,"column":69},"end":{"line":850,"column":75}},"loc":{"start":{"line":850,"column":75},"end":{"line":850,"column":94}},"line":850},"63":{"name":"(anonymous_63)","decl":{"start":{"line":855,"column":48},"end":{"line":855,"column":54}},"loc":{"start":{"line":855,"column":54},"end":{"line":855,"column":64}},"line":855},"64":{"name":"(anonymous_64)","decl":{"start":{"line":878,"column":54},"end":{"line":878,"column":60}},"loc":{"start":{"line":878,"column":60},"end":{"line":878,"column":70}},"line":878},"65":{"name":"(anonymous_65)","decl":{"start":{"line":892,"column":44},"end":{"line":892,"column":50}},"loc":{"start":{"line":892,"column":50},"end":{"line":892,"column":60}},"line":892},"66":{"name":"(anonymous_66)","decl":{"start":{"line":897,"column":46},"end":{"line":897,"column":52}},"loc":{"start":{"line":897,"column":52},"end":{"line":897,"column":62}},"line":897},"67":{"name":"(anonymous_67)","decl":{"start":{"line":898,"column":46},"end":{"line":898,"column":52}},"loc":{"start":{"line":898,"column":52},"end":{"line":898,"column":62}},"line":898},"68":{"name":"(anonymous_68)","decl":{"start":{"line":920,"column":61},"end":{"line":920,"column":67}},"loc":{"start":{"line":920,"column":67},"end":{"line":920,"column":82}},"line":920},"69":{"name":"(anonymous_69)","decl":{"start":{"line":921,"column":69},"end":{"line":921,"column":75}},"loc":{"start":{"line":921,"column":75},"end":{"line":921,"column":94}},"line":921},"70":{"name":"(anonymous_70)","decl":{"start":{"line":925,"column":3},"end":{"line":925,"column":4}},"loc":{"start":{"line":925,"column":14},"end":{"line":927,"column":1}},"line":925},"71":{"name":"(anonymous_71)","decl":{"start":{"line":948,"column":3},"end":{"line":948,"column":4}},"loc":{"start":{"line":948,"column":14},"end":{"line":950,"column":1}},"line":948}},"branchMap":{},"s":{"0":8,"1":8,"2":8,"3":8,"4":8,"5":8,"6":8,"7":8,"8":8,"9":8,"10":8,"11":8,"12":8,"13":8,"14":8,"15":0,"16":0,"17":0,"18":0,"19":8,"20":8,"21":8,"22":8,"23":0,"24":0,"25":0,"26":8,"27":8,"28":0,"29":0,"30":0,"31":0,"32":0,"33":8,"34":8,"35":0,"36":0,"37":0,"38":0,"39":0,"40":0,"41":0,"42":0,"43":8,"44":8,"45":0,"46":0,"47":0,"48":0,"49":8,"50":8,"51":0,"52":0,"53":8,"54":8,"55":0,"56":0,"57":0,"58":8,"59":8,"60":0,"61":0,"62":0,"63":0,"64":0,"65":8,"66":8,"67":0,"68":0,"69":0,"70":8,"71":8,"72":0,"73":0,"74":0,"75":0,"76":8,"77":8,"78":0,"79":0,"80":0,"81":0,"82":0,"83":8,"84":8,"85":0,"86":0,"87":0,"88":8,"89":8,"90":0,"91":0,"92":8,"93":8,"94":0,"95":0,"96":0,"97":8,"98":8,"99":0,"100":0,"101":8,"102":8,"103":0,"104":0,"105":0,"106":8,"107":8,"108":0,"109":0,"110":0,"111":8,"112":8,"113":0,"114":0,"115":8,"116":8,"117":0,"118":0,"119":0,"120":0,"121":8,"122":8,"123":0,"124":0,"125":0,"126":8,"127":8,"128":0,"129":8,"130":8,"131":8},"f":{"0":0,"1":0,"2":0,"3":0,"4":0,"5":0,"6":0,"7":0,"8":0,"9":0,"10":0,"11":0,"12":0,"13":0,"14":0,"15":0,"16":0,"17":0,"18":0,"19":0,"20":0,"21":0,"22":0,"23":0,"24":0,"25":0,"26":0,"27":0,"28":0,"29":0,"30":0,"31":0,"32":0,"33":0,"34":0,"35":0,"36":0,"37":0,"38":0,"39":0,"40":0,"41":0,"42":0,"43":0,"44":0,"45":0,"46":0,"47":0,"48":0,"49":0,"50":0,"51":0,"52":0,"53":0,"54":0,"55":0,"56":0,"57":0,"58":0,"59":0,"60":0,"61":0,"62":0,"63":0,"64":0,"65":0,"66":0,"67":0,"68":0,"69":0,"70":0,"71":0},"b":{},"meta":{"lastBranch":0,"lastFunction":72,"lastStatement":132,"seen":{"s:17:35:17:Infinity":0,"s:21:35:21:Infinity":1,"s:25:39:25:Infinity":2,"s:29:28:32:Infinity":3,"s:36:26:36:Infinity":4,"s:40:30:40:Infinity":5,"s:44:32:44:Infinity":6,"s:48:33:48:Infinity":7,"s:52:39:54:Infinity":8,"s:57:35:59:Infinity":9,"s:62:35:64:Infinity":10,"s:71:6:71:Infinity":11,"s:73:23:102:Infinity":12,"s:104:13:108:Infinity":13,"s:119:30:144:Infinity":14,"f:121:54:121:60":0,"s:121:60:121:72":15,"f:122:56:122:62":1,"s:122:62:122:75":16,"f:123:61:123:67":2,"s:123:67:123:87":17,"f:142:3:142:4":3,"s:142:14:144:1":18,"s:146:13:150:Infinity":19,"s:161:31:169:Infinity":20,"s:171:13:174:Infinity":21,"s:184:31:221:Infinity":22,"f:196:44:196:50":4,"s:196:50:196:62":23,"f:199:50:199:56":5,"s:199:56:199:71":24,"f:200:67:200:73":6,"s:200:73:200:96":25,"s:223:13:227:Infinity":26,"s:237:30:274:Infinity":27,"f:239:71:239:77":7,"s:239:77:239:97":28,"f:242:61:242:67":8,"s:242:67:242:85":29,"f:243:46:243:52":9,"s:243:52:243:63":30,"f:262:63:262:69":10,"s:262:69:262:92":31,"f:269:48:269:54":11,"s:269:54:269:64":32,"s:276:13:280:Infinity":33,"s:291:30:365:Infinity":34,"f:294:54:294:60":12,"s:294:60:294:70":35,"f:295:50:295:56":13,"s:295:56:295:71":36,"f:344:57:344:63":14,"s:344:63:344:83":37,"f:345:48:345:54":15,"s:345:54:345:64":38,"f:352:50:352:56":16,"s:352:56:352:66":39,"f:355:44:355:50":17,"s:355:50:355:60":40,"f:356:46:356:52":18,"s:356:52:356:62":41,"f:357:46:357:52":19,"s:357:52:357:62":42,"s:367:13:371:Infinity":43,"s:382:34:429:Infinity":44,"f:384:69:384:75":20,"s:384:75:384:94":45,"f:388:56:388:62":21,"s:388:62:388:73":46,"f:389:71:389:77":22,"s:389:77:389:95":47,"f:390:59:390:65":23,"s:390:65:390:84":48,"s:431:13:435:Infinity":49,"s:446:31:455:Infinity":50,"f:448:69:448:75":24,"s:448:75:448:94":51,"f:451:46:451:52":25,"s:451:52:451:62":52,"s:457:13:460:Infinity":53,"s:467:27:479:Infinity":54,"f:469:69:469:75":26,"s:469:75:469:94":55,"f:471:46:471:52":27,"s:471:52:471:62":56,"f:476:40:476:46":28,"s:476:46:476:69":57,"s:481:13:484:Infinity":58,"s:495:26:508:Infinity":59,"f:497:69:497:75":29,"s:497:75:497:94":60,"f:498:78:498:84":30,"s:498:84:498:107":61,"f:499:71:499:77":31,"s:499:77:499:97":62,"f:500:69:500:75":32,"s:500:75:500:94":63,"f:506:3:506:4":33,"s:506:14:508:1":64,"s:510:13:513:Infinity":65,"s:522:32:566:Infinity":66,"f:548:50:548:56":34,"s:548:56:548:71":67,"f:561:63:561:69":35,"s:561:69:561:79":68,"f:562:61:562:67":36,"s:562:67:562:77":69,"s:568:13:572:Infinity":70,"s:581:36:608:Infinity":71,"f:583:73:583:79":37,"s:583:79:583:100":72,"f:584:59:584:65":38,"s:584:65:584:84":73,"f:585:68:585:74":39,"s:585:74:585:97":74,"f:586:61:586:67":40,"s:586:67:586:87":75,"s:610:13:614:Infinity":76,"s:625:30:661:Infinity":77,"f:630:54:630:60":41,"s:630:60:630:70":78,"f:631:63:631:69":42,"s:631:69:631:90":79,"f:640:48:640:54":43,"s:640:54:640:64":80,"f:657:46:657:52":44,"s:657:52:657:62":81,"f:658:46:658:52":45,"s:658:52:658:62":82,"s:663:13:667:Infinity":83,"s:676:35:697:Infinity":84,"f:678:73:678:79":46,"s:678:79:678:100":85,"f:692:44:692:50":47,"s:692:50:692:62":86,"f:693:59:693:65":48,"s:693:65:693:84":87,"s:699:13:703:Infinity":88,"s:712:41:721:Infinity":89,"f:714:67:714:73":49,"s:714:73:714:97":90,"f:715:82:715:88":50,"s:715:88:715:113":91,"s:723:13:726:Infinity":92,"s:735:35:750:Infinity":93,"f:737:72:737:78":51,"s:737:78:737:103":94,"f:738:68:738:74":52,"s:738:74:738:97":95,"f:739:61:739:67":53,"s:739:67:739:87":96,"s:752:13:755:Infinity":97,"s:764:44:772:Infinity":98,"f:766:73:766:79":54,"s:766:79:766:100":99,"f:769:63:769:69":55,"s:769:69:769:79":100,"s:774:13:777:Infinity":101,"s:788:36:797:Infinity":102,"f:790:69:790:75":56,"s:790:75:790:94":103,"f:791:69:791:75":57,"s:791:75:791:94":104,"f:795:3:795:4":58,"s:795:14:797:1":105,"s:799:13:802:Infinity":106,"s:813:34:831:Infinity":107,"f:815:69:815:75":59,"s:815:75:815:94":108,"f:816:68:816:74":60,"s:816:74:816:97":109,"f:817:61:817:67":61,"s:817:67:817:87":110,"s:833:13:837:Infinity":111,"s:848:40:858:Infinity":112,"f:850:69:850:75":62,"s:850:75:850:94":113,"f:855:48:855:54":63,"s:855:54:855:64":114,"s:860:13:863:Infinity":115,"s:874:26:901:Infinity":116,"f:878:54:878:60":64,"s:878:60:878:70":117,"f:892:44:892:50":65,"s:892:50:892:60":118,"f:897:46:897:52":66,"s:897:52:897:62":119,"f:898:46:898:52":67,"s:898:52:898:62":120,"s:903:13:907:Infinity":121,"s:918:36:927:Infinity":122,"f:920:61:920:67":68,"s:920:67:920:82":123,"f:921:69:921:75":69,"s:921:75:921:94":124,"f:925:3:925:4":70,"s:925:14:927:1":125,"s:929:13:932:Infinity":126,"s:941:13:950:Infinity":127,"f:948:3:948:4":71,"s:948:14:950:1":128,"s:952:13:956:Infinity":129,"s:965:13:981:Infinity":130,"s:983:13:986:Infinity":131}}}
,"C:\\Users\\owner\\Echelon\\shared\\schema\\shopify.schema.ts": {"path":"C:\\Users\\owner\\Echelon\\shared\\schema\\shopify.schema.ts","statementMap":{"0":{"start":{"line":6,"column":13},"end":{"line":6,"column":null}},"1":{"start":{"line":12,"column":34},"end":{"line":25,"column":null}},"2":{"start":{"line":27,"column":13},"end":{"line":31,"column":null}},"3":{"start":{"line":37,"column":41},"end":{"line":45,"column":null}},"4":{"start":{"line":39,"column":68},"end":{"line":39,"column":91}},"5":{"start":{"line":40,"column":62},"end":{"line":40,"column":75}},"6":{"start":{"line":43,"column":15},"end":{"line":45,"column":2}}},"fnMap":{"0":{"name":"(anonymous_0)","decl":{"start":{"line":39,"column":62},"end":{"line":39,"column":68}},"loc":{"start":{"line":39,"column":68},"end":{"line":39,"column":91}},"line":39},"1":{"name":"(anonymous_1)","decl":{"start":{"line":40,"column":56},"end":{"line":40,"column":62}},"loc":{"start":{"line":40,"column":62},"end":{"line":40,"column":75}},"line":40},"2":{"name":"(anonymous_2)","decl":{"start":{"line":43,"column":3},"end":{"line":43,"column":4}},"loc":{"start":{"line":43,"column":15},"end":{"line":45,"column":2}},"line":43}},"branchMap":{},"s":{"0":8,"1":8,"2":8,"3":8,"4":0,"5":0,"6":0},"f":{"0":0,"1":0,"2":0},"b":{},"meta":{"lastBranch":0,"lastFunction":3,"lastStatement":7,"seen":{"s:6:13:6:Infinity":0,"s:12:34:25:Infinity":1,"s:27:13:31:Infinity":2,"s:37:41:45:Infinity":3,"f:39:62:39:68":0,"s:39:68:39:91":4,"f:40:56:40:62":1,"s:40:62:40:75":5,"f:43:3:43:4":2,"s:43:15:45:2":6}}}
,"C:\\Users\\owner\\Echelon\\shared\\schema\\warehouse.schema.ts": {"path":"C:\\Users\\owner\\Echelon\\shared\\schema\\warehouse.schema.ts","statementMap":{"0":{"start":{"line":8,"column":32},"end":{"line":8,"column":null}},"1":{"start":{"line":12,"column":33},"end":{"line":12,"column":null}},"2":{"start":{"line":16,"column":39},"end":{"line":16,"column":null}},"3":{"start":{"line":20,"column":34},"end":{"line":20,"column":null}},"4":{"start":{"line":24,"column":28},"end":{"line":24,"column":null}},"5":{"start":{"line":28,"column":6},"end":{"line":28,"column":null}},"6":{"start":{"line":30,"column":30},"end":{"line":38,"column":null}},"7":{"start":{"line":40,"column":13},"end":{"line":43,"column":null}},"8":{"start":{"line":57,"column":23},"end":{"line":61,"column":null}},"9":{"start":{"line":58,"column":4},"end":{"line":58,"column":null}},"10":{"start":{"line":58,"column":19},"end":{"line":58,"column":null}},"11":{"start":{"line":59,"column":20},"end":{"line":59,"column":null}},"12":{"start":{"line":60,"column":4},"end":{"line":60,"column":null}},"13":{"start":{"line":64,"column":21},"end":{"line":69,"column":null}},"14":{"start":{"line":65,"column":4},"end":{"line":65,"column":null}},"15":{"start":{"line":65,"column":21},"end":{"line":65,"column":null}},"16":{"start":{"line":66,"column":16},"end":{"line":66,"column":null}},"17":{"start":{"line":67,"column":4},"end":{"line":67,"column":null}},"18":{"start":{"line":67,"column":21},"end":{"line":67,"column":null}},"19":{"start":{"line":68,"column":4},"end":{"line":68,"column":null}},"20":{"start":{"line":71,"column":19},"end":{"line":77,"column":null}},"21":{"start":{"line":77,"column":31},"end":{"line":77,"column":40}},"22":{"start":{"line":79,"column":2},"end":{"line":81,"column":null}},"23":{"start":{"line":80,"column":4},"end":{"line":80,"column":null}},"24":{"start":{"line":83,"column":2},"end":{"line":83,"column":null}},"25":{"start":{"line":87,"column":26},"end":{"line":114,"column":null}},"26":{"start":{"line":116,"column":13},"end":{"line":120,"column":null}},"27":{"start":{"line":125,"column":34},"end":{"line":160,"column":null}},"28":{"start":{"line":127,"column":56},"end":{"line":127,"column":71}},"29":{"start":{"line":162,"column":13},"end":{"line":166,"column":null}},"30":{"start":{"line":171,"column":32},"end":{"line":186,"column":null}},"31":{"start":{"line":176,"column":67},"end":{"line":176,"column":87}},"32":{"start":{"line":180,"column":73},"end":{"line":180,"column":96}},"33":{"start":{"line":188,"column":13},"end":{"line":191,"column":null}},"34":{"start":{"line":193,"column":13},"end":{"line":196,"column":null}},"35":{"start":{"line":206,"column":31},"end":{"line":214,"column":null}},"36":{"start":{"line":216,"column":13},"end":{"line":219,"column":null}},"37":{"start":{"line":225,"column":27},"end":{"line":233,"column":null}}},"fnMap":{"0":{"name":"generateLocationCode","decl":{"start":{"line":49,"column":16},"end":{"line":49,"column":37}},"loc":{"start":{"line":55,"column":11},"end":{"line":84,"column":null}},"line":55},"1":{"name":"(anonymous_1)","decl":{"start":{"line":57,"column":23},"end":{"line":57,"column":24}},"loc":{"start":{"line":57,"column":72},"end":{"line":61,"column":null}},"line":57},"2":{"name":"(anonymous_2)","decl":{"start":{"line":64,"column":21},"end":{"line":64,"column":22}},"loc":{"start":{"line":64,"column":60},"end":{"line":69,"column":null}},"line":64},"3":{"name":"(anonymous_3)","decl":{"start":{"line":77,"column":11},"end":{"line":77,"column":12}},"loc":{"start":{"line":77,"column":31},"end":{"line":77,"column":40}},"line":77},"4":{"name":"(anonymous_4)","decl":{"start":{"line":127,"column":50},"end":{"line":127,"column":56}},"loc":{"start":{"line":127,"column":56},"end":{"line":127,"column":71}},"line":127},"5":{"name":"(anonymous_5)","decl":{"start":{"line":176,"column":61},"end":{"line":176,"column":67}},"loc":{"start":{"line":176,"column":67},"end":{"line":176,"column":87}},"line":176},"6":{"name":"(anonymous_6)","decl":{"start":{"line":180,"column":67},"end":{"line":180,"column":73}},"loc":{"start":{"line":180,"column":73},"end":{"line":180,"column":96}},"line":180}},"branchMap":{"0":{"loc":{"start":{"line":58,"column":4},"end":{"line":58,"column":null}},"type":"if","locations":[{"start":{"line":58,"column":4},"end":{"line":58,"column":null}},{"start":{},"end":{}}],"line":58},"1":{"loc":{"start":{"line":60,"column":11},"end":{"line":60,"column":null}},"type":"cond-expr","locations":[{"start":{"line":60,"column":28},"end":{"line":60,"column":35}},{"start":{"line":60,"column":35},"end":{"line":60,"column":null}}],"line":60},"2":{"loc":{"start":{"line":65,"column":4},"end":{"line":65,"column":null}},"type":"if","locations":[{"start":{"line":65,"column":4},"end":{"line":65,"column":null}},{"start":{},"end":{}}],"line":65},"3":{"loc":{"start":{"line":67,"column":4},"end":{"line":67,"column":null}},"type":"if","locations":[{"start":{"line":67,"column":4},"end":{"line":67,"column":null}},{"start":{},"end":{}}],"line":67},"4":{"loc":{"start":{"line":79,"column":2},"end":{"line":81,"column":null}},"type":"if","locations":[{"start":{"line":79,"column":2},"end":{"line":81,"column":null}},{"start":{},"end":{}}],"line":79}},"s":{"0":8,"1":8,"2":8,"3":8,"4":8,"5":8,"6":8,"7":8,"8":0,"9":0,"10":0,"11":0,"12":0,"13":0,"14":0,"15":0,"16":0,"17":0,"18":0,"19":0,"20":0,"21":0,"22":0,"23":0,"24":0,"25":8,"26":8,"27":8,"28":0,"29":8,"30":8,"31":0,"32":0,"33":8,"34":8,"35":8,"36":8,"37":8},"f":{"0":0,"1":0,"2":0,"3":0,"4":0,"5":0,"6":0},"b":{"0":[0,0],"1":[0,0],"2":[0,0],"3":[0,0],"4":[0,0]},"meta":{"lastBranch":5,"lastFunction":7,"lastStatement":38,"seen":{"s:8:32:8:Infinity":0,"s:12:33:12:Infinity":1,"s:16:39:16:Infinity":2,"s:20:34:20:Infinity":3,"s:24:28:24:Infinity":4,"s:28:6:28:Infinity":5,"s:30:30:38:Infinity":6,"s:40:13:43:Infinity":7,"f:49:16:49:37":0,"s:57:23:61:Infinity":8,"f:57:23:57:24":1,"b:58:4:58:Infinity:undefined:undefined:undefined:undefined":0,"s:58:4:58:Infinity":9,"s:58:19:58:Infinity":10,"s:59:20:59:Infinity":11,"s:60:4:60:Infinity":12,"b:60:28:60:35:60:35:60:Infinity":1,"s:64:21:69:Infinity":13,"f:64:21:64:22":2,"b:65:4:65:Infinity:undefined:undefined:undefined:undefined":2,"s:65:4:65:Infinity":14,"s:65:21:65:Infinity":15,"s:66:16:66:Infinity":16,"b:67:4:67:Infinity:undefined:undefined:undefined:undefined":3,"s:67:4:67:Infinity":17,"s:67:21:67:Infinity":18,"s:68:4:68:Infinity":19,"s:71:19:77:Infinity":20,"f:77:11:77:12":3,"s:77:31:77:40":21,"b:79:2:81:Infinity:undefined:undefined:undefined:undefined":4,"s:79:2:81:Infinity":22,"s:80:4:80:Infinity":23,"s:83:2:83:Infinity":24,"s:87:26:114:Infinity":25,"s:116:13:120:Infinity":26,"s:125:34:160:Infinity":27,"f:127:50:127:56":4,"s:127:56:127:71":28,"s:162:13:166:Infinity":29,"s:171:32:186:Infinity":30,"f:176:61:176:67":5,"s:176:67:176:87":31,"f:180:67:180:73":6,"s:180:73:180:96":32,"s:188:13:191:Infinity":33,"s:193:13:196:Infinity":34,"s:206:31:214:Infinity":35,"s:216:13:219:Infinity":36,"s:225:27:233:Infinity":37}}}
}
